<?xml version="1.0" encoding="UTF-8"?>
<testng-results skipped="0" failed="0" total="2" passed="2">
  <reporter-output>
  </reporter-output>
  <suite name="Test Suite" duration-ms="28830" started-at="2018-08-05T12:06:26Z" finished-at="2018-08-05T12:06:55Z">
    <groups>
    </groups>
    <test name="Test" duration-ms="28830" started-at="2018-08-05T12:06:26Z" finished-at="2018-08-05T12:06:55Z">
      <class name="project.AppTest">
        <test-method status="PASS" signature="cts()[pri:0, instance:project.AppTest@6ea12c19]" name="cts" duration-ms="11985" started-at="2018-08-05T17:36:26Z" finished-at="2018-08-05T17:36:38Z">
          <reporter-output>
          </reporter-output>
        </test-method> <!-- cts -->
        <test-method status="PASS" signature="test()[pri:0, instance:project.AppTest@6ea12c19]" name="test" duration-ms="16829" started-at="2018-08-05T17:36:38Z" finished-at="2018-08-05T17:36:55Z">
          <reporter-output>
          </reporter-output>
        </test-method> <!-- test -->
      </class> <!-- project.AppTest -->
    </test> <!-- Test -->
  </suite> <!-- Test Suite -->
</testng-results>
