<?xml version="1.0" encoding="UTF-8"?>
<testsuite xmlns:xsi="http://www.w3.org/2001/XMLSchema-instance" xsi:noNamespaceSchemaLocation="https://maven.apache.org/surefire/maven-surefire-plugin/xsd/surefire-test-report.xsd" name="TestSuite" time="27.513" tests="5" errors="0" skipped="2" failures="3">
  <properties>
[...]
</properties>
  <testcase name="setup" classname="project.HomePageTest" time="3.905">
    <failure message="stale element reference: element is not attached to the page document&#10;  (Session info: chrome=68.0.3440.106)&#10;  (Driver info: chromedriver=2.41.578737 (49da6702b16031c40d63e5618de03a32ff6c197e),platform=Windows NT 10.0.17134 x86_64) (WARNING: The server did not provide any stacktrace information)&#10;Command duration or timeout: 2.86 seconds&#10;For documentation on this error, please visit: http://seleniumhq.org/exceptions/stale_element_reference.html&#10;Build info: version: &apos;2.53.0&apos;, revision: &apos;35ae25b1534ae328c771e0856c93e187490ca824&apos;, time: &apos;2016-03-15 10:43:46&apos;&#10;System info: host: &apos;Satyam&apos;, ip: &apos;192.168.0.103&apos;, os.name: &apos;Windows 10&apos;, os.arch: &apos;amd64&apos;, os.version: &apos;10.0&apos;, java.version: &apos;1.8.0_131&apos;&#10;Driver info: org.openqa.selenium.chrome.ChromeDriver&#10;Capabilities [{mobileEmulationEnabled=false, hasTouchScreen=false, platform=XP, acceptSslCerts=false, goog:chromeOptions={debuggerAddress=localhost:51278}, acceptInsecureCerts=false, webStorageEnabled=true, browserName=chrome, takesScreenshot=true, javascriptEnabled=true, setWindowRect=true, unexpectedAlertBehaviour=, applicationCacheEnabled=false, rotatable=false, networkConnectionEnabled=false, chrome={chromedriverVersion=2.41.578737 (49da6702b16031c40d63e5618de03a32ff6c197e), userDataDir=C:\Users\SATYA~1.SAT\AppData\Local\Temp\scoped_dir21856_6493}, takesHeapSnapshot=true, pageLoadStrategy=normal, databaseEnabled=false, handlesAlerts=true, version=68.0.3440.106, browserConnectionEnabled=false, nativeEvents=true, locationContextEnabled=true, cssSelectorsEnabled=true}]&#10;Session ID: 157f7deaf4458e539c1c340fc0975aa2" type="org.openqa.selenium.StaleElementReferenceException">org.openqa.selenium.StaleElementReferenceException: 
stale element reference: element is not attached to the page document
  (Session info: chrome=68.0.3440.106)
  (Driver info: chromedriver=2.41.578737 (49da6702b16031c40d63e5618de03a32ff6c197e),platform=Windows NT 10.0.17134 x86_64) (WARNING: The server did not provide any stacktrace information)
Command duration or timeout: 2.86 seconds
For documentation on this error, please visit: http://seleniumhq.org/exceptions/stale_element_reference.html
Build info: version: '2.53.0', revision: '35ae25b1534ae328c771e0856c93e187490ca824', time: '2016-03-15 10:43:46'
System info: host: 'Satyam', ip: '192.168.0.103', os.name: 'Windows 10', os.arch: 'amd64', os.version: '10.0', java.version: '1.8.0_131'
Driver info: org.openqa.selenium.chrome.ChromeDriver
Capabilities [{mobileEmulationEnabled=false, hasTouchScreen=false, platform=XP, acceptSslCerts=false, goog:chromeOptions={debuggerAddress=localhost:51278}, acceptInsecureCerts=false, webStorageEnabled=true, browserName=chrome, takesScreenshot=true, javascriptEnabled=true, setWindowRect=true, unexpectedAlertBehaviour=, applicationCacheEnabled=false, rotatable=false, networkConnectionEnabled=false, chrome={chromedriverVersion=2.41.578737 (49da6702b16031c40d63e5618de03a32ff6c197e), userDataDir=C:\Users\SATYA~1.SAT\AppData\Local\Temp\scoped_dir21856_6493}, takesHeapSnapshot=true, pageLoadStrategy=normal, databaseEnabled=false, handlesAlerts=true, version=68.0.3440.106, browserConnectionEnabled=false, nativeEvents=true, locationContextEnabled=true, cssSelectorsEnabled=true}]
Session ID: 157f7deaf4458e539c1c340fc0975aa2
	at project.HomePageTest.setup(HomePageTest.java:25)
</failure>
    <system-out><![CDATA[08-15-2018 18:17:28 RequestAddCookies.java DEBUG [Forwarding newSession on session null to remote] protocol.RequestAddCookies 122 - CookieSpec selected: default
08-15-2018 18:17:28 RequestAddCookies.java DEBUG [Forwarding newSession on session null to remote] protocol.RequestAddCookies 122 - CookieSpec selected: default
08-15-2018 18:17:29 RequestAuthCache.java DEBUG [Forwarding newSession on session null to remote] protocol.RequestAuthCache 76 - Auth cache not set in the context
08-15-2018 18:17:29 RequestAuthCache.java DEBUG [Forwarding newSession on session null to remote] protocol.RequestAuthCache 76 - Auth cache not set in the context
08-15-2018 18:17:29 PoolingHttpClientConnectionManager.java DEBUG [Forwarding newSession on session null to remote] conn.PoolingHttpClientConnectionManager 249 - Connection request: [route: {}->http://localhost:27930][total kept alive: 0; route allocated: 0 of 2000; total allocated: 0 of 2000]
08-15-2018 18:17:29 PoolingHttpClientConnectionManager.java DEBUG [Forwarding newSession on session null to remote] conn.PoolingHttpClientConnectionManager 249 - Connection request: [route: {}->http://localhost:7334][total kept alive: 0; route allocated: 0 of 2000; total allocated: 0 of 2000]
08-15-2018 18:17:29 PoolingHttpClientConnectionManager.java DEBUG [Forwarding newSession on session null to remote] conn.PoolingHttpClientConnectionManager 282 - Connection leased: [id: 0][route: {}->http://localhost:27930][total kept alive: 0; route allocated: 1 of 2000; total allocated: 2 of 2000]
08-15-2018 18:17:29 PoolingHttpClientConnectionManager.java DEBUG [Forwarding newSession on session null to remote] conn.PoolingHttpClientConnectionManager 282 - Connection leased: [id: 1][route: {}->http://localhost:7334][total kept alive: 0; route allocated: 1 of 2000; total allocated: 2 of 2000]
08-15-2018 18:17:29 MainClientExec.java DEBUG [Forwarding newSession on session null to remote] execchain.MainClientExec 234 - Opening connection {}->http://localhost:7334
08-15-2018 18:17:29 MainClientExec.java DEBUG [Forwarding newSession on session null to remote] execchain.MainClientExec 234 - Opening connection {}->http://localhost:27930
08-15-2018 18:17:29 DefaultHttpClientConnectionOperator.java DEBUG [Forwarding newSession on session null to remote] conn.DefaultHttpClientConnectionOperator 131 - Connecting to localhost/127.0.0.1:27930
08-15-2018 18:17:29 DefaultHttpClientConnectionOperator.java DEBUG [Forwarding newSession on session null to remote] conn.DefaultHttpClientConnectionOperator 131 - Connecting to localhost/127.0.0.1:7334
08-15-2018 18:17:29 DefaultHttpClientConnectionOperator.java DEBUG [Forwarding newSession on session null to remote] conn.DefaultHttpClientConnectionOperator 138 - Connection established 127.0.0.1:51273<->127.0.0.1:27930
08-15-2018 18:17:29 LoggingManagedHttpClientConnection.java DEBUG [Forwarding newSession on session null to remote] conn.DefaultManagedHttpClientConnection 90 - http-outgoing-0: set socket timeout to 10800000
08-15-2018 18:17:29 DefaultHttpClientConnectionOperator.java DEBUG [Forwarding newSession on session null to remote] conn.DefaultHttpClientConnectionOperator 138 - Connection established 127.0.0.1:51274<->127.0.0.1:7334
08-15-2018 18:17:29 MainClientExec.java DEBUG [Forwarding newSession on session null to remote] execchain.MainClientExec 255 - Executing request POST /session HTTP/1.1
08-15-2018 18:17:29 LoggingManagedHttpClientConnection.java DEBUG [Forwarding newSession on session null to remote] conn.DefaultManagedHttpClientConnection 90 - http-outgoing-1: set socket timeout to 10800000
08-15-2018 18:17:29 MainClientExec.java DEBUG [Forwarding newSession on session null to remote] execchain.MainClientExec 260 - Target auth state: UNCHALLENGED
08-15-2018 18:17:29 MainClientExec.java DEBUG [Forwarding newSession on session null to remote] execchain.MainClientExec 255 - Executing request POST /session HTTP/1.1
08-15-2018 18:17:29 MainClientExec.java DEBUG [Forwarding newSession on session null to remote] execchain.MainClientExec 260 - Target auth state: UNCHALLENGED
08-15-2018 18:17:29 MainClientExec.java DEBUG [Forwarding newSession on session null to remote] execchain.MainClientExec 266 - Proxy auth state: UNCHALLENGED
08-15-2018 18:17:29 MainClientExec.java DEBUG [Forwarding newSession on session null to remote] execchain.MainClientExec 266 - Proxy auth state: UNCHALLENGED
08-15-2018 18:17:29 LoggingManagedHttpClientConnection.java DEBUG [Forwarding newSession on session null to remote] http.headers 135 - http-outgoing-1 >> POST /session HTTP/1.1
08-15-2018 18:17:29 LoggingManagedHttpClientConnection.java DEBUG [Forwarding newSession on session null to remote] http.headers 138 - http-outgoing-1 >> Content-Type: application/json; charset=utf-8
08-15-2018 18:17:29 LoggingManagedHttpClientConnection.java DEBUG [Forwarding newSession on session null to remote] http.headers 138 - http-outgoing-1 >> Content-Length: 122
08-15-2018 18:17:29 LoggingManagedHttpClientConnection.java DEBUG [Forwarding newSession on session null to remote] http.headers 138 - http-outgoing-1 >> Host: localhost:7334
08-15-2018 18:17:29 LoggingManagedHttpClientConnection.java DEBUG [Forwarding newSession on session null to remote] http.headers 138 - http-outgoing-1 >> Connection: Keep-Alive
08-15-2018 18:17:29 LoggingManagedHttpClientConnection.java DEBUG [Forwarding newSession on session null to remote] http.headers 138 - http-outgoing-1 >> User-Agent: Apache-HttpClient/4.5.1 (Java/1.8.0_131)
08-15-2018 18:17:29 LoggingManagedHttpClientConnection.java DEBUG [Forwarding newSession on session null to remote] http.headers 138 - http-outgoing-1 >> Accept-Encoding: gzip,deflate
08-15-2018 18:17:29 Wire.java DEBUG [Forwarding newSession on session null to remote] http.wire 72 - http-outgoing-1 >> "POST /session HTTP/1.1[\r][\n]"
08-15-2018 18:17:29 Wire.java DEBUG [Forwarding newSession on session null to remote] http.wire 72 - http-outgoing-1 >> "Content-Type: application/json; charset=utf-8[\r][\n]"
08-15-2018 18:17:29 Wire.java DEBUG [Forwarding newSession on session null to remote] http.wire 72 - http-outgoing-1 >> "Content-Length: 122[\r][\n]"
08-15-2018 18:17:29 Wire.java DEBUG [Forwarding newSession on session null to remote] http.wire 72 - http-outgoing-1 >> "Host: localhost:7334[\r][\n]"
08-15-2018 18:17:29 LoggingManagedHttpClientConnection.java DEBUG [Forwarding newSession on session null to remote] http.headers 135 - http-outgoing-0 >> POST /session HTTP/1.1
08-15-2018 18:17:29 LoggingManagedHttpClientConnection.java DEBUG [Forwarding newSession on session null to remote] http.headers 138 - http-outgoing-0 >> Content-Type: application/json; charset=utf-8
08-15-2018 18:17:29 LoggingManagedHttpClientConnection.java DEBUG [Forwarding newSession on session null to remote] http.headers 138 - http-outgoing-0 >> Content-Length: 122
08-15-2018 18:17:29 Wire.java DEBUG [Forwarding newSession on session null to remote] http.wire 72 - http-outgoing-1 >> "Connection: Keep-Alive[\r][\n]"
08-15-2018 18:17:29 Wire.java DEBUG [Forwarding newSession on session null to remote] http.wire 72 - http-outgoing-1 >> "User-Agent: Apache-HttpClient/4.5.1 (Java/1.8.0_131)[\r][\n]"
08-15-2018 18:17:29 LoggingManagedHttpClientConnection.java DEBUG [Forwarding newSession on session null to remote] http.headers 138 - http-outgoing-0 >> Host: localhost:27930
08-15-2018 18:17:29 Wire.java DEBUG [Forwarding newSession on session null to remote] http.wire 72 - http-outgoing-1 >> "Accept-Encoding: gzip,deflate[\r][\n]"
08-15-2018 18:17:29 LoggingManagedHttpClientConnection.java DEBUG [Forwarding newSession on session null to remote] http.headers 138 - http-outgoing-0 >> Connection: Keep-Alive
08-15-2018 18:17:29 LoggingManagedHttpClientConnection.java DEBUG [Forwarding newSession on session null to remote] http.headers 138 - http-outgoing-0 >> User-Agent: Apache-HttpClient/4.5.1 (Java/1.8.0_131)
08-15-2018 18:17:29 LoggingManagedHttpClientConnection.java DEBUG [Forwarding newSession on session null to remote] http.headers 138 - http-outgoing-0 >> Accept-Encoding: gzip,deflate
08-15-2018 18:17:29 Wire.java DEBUG [Forwarding newSession on session null to remote] http.wire 72 - http-outgoing-0 >> "POST /session HTTP/1.1[\r][\n]"
08-15-2018 18:17:29 Wire.java DEBUG [Forwarding newSession on session null to remote] http.wire 72 - http-outgoing-0 >> "Content-Type: application/json; charset=utf-8[\r][\n]"
08-15-2018 18:17:29 Wire.java DEBUG [Forwarding newSession on session null to remote] http.wire 72 - http-outgoing-0 >> "Content-Length: 122[\r][\n]"
08-15-2018 18:17:29 Wire.java DEBUG [Forwarding newSession on session null to remote] http.wire 72 - http-outgoing-0 >> "Host: localhost:27930[\r][\n]"
08-15-2018 18:17:29 Wire.java DEBUG [Forwarding newSession on session null to remote] http.wire 72 - http-outgoing-0 >> "Connection: Keep-Alive[\r][\n]"
08-15-2018 18:17:29 Wire.java DEBUG [Forwarding newSession on session null to remote] http.wire 72 - http-outgoing-0 >> "User-Agent: Apache-HttpClient/4.5.1 (Java/1.8.0_131)[\r][\n]"
08-15-2018 18:17:29 Wire.java DEBUG [Forwarding newSession on session null to remote] http.wire 72 - http-outgoing-0 >> "Accept-Encoding: gzip,deflate[\r][\n]"
08-15-2018 18:17:29 Wire.java DEBUG [Forwarding newSession on session null to remote] http.wire 72 - http-outgoing-0 >> "[\r][\n]"
08-15-2018 18:17:29 Wire.java DEBUG [Forwarding newSession on session null to remote] http.wire 86 - http-outgoing-0 >> "{"desiredCapabilities":{"browserName":"chrome","chromeOptions":{"args":[],"extensions":[]},"version":"","platform":"ANY"}}"
08-15-2018 18:17:29 Wire.java DEBUG [Forwarding newSession on session null to remote] http.wire 72 - http-outgoing-1 >> "[\r][\n]"
08-15-2018 18:17:29 Wire.java DEBUG [Forwarding newSession on session null to remote] http.wire 86 - http-outgoing-1 >> "{"desiredCapabilities":{"browserName":"chrome","chromeOptions":{"args":[],"extensions":[]},"version":"","platform":"ANY"}}"
08-15-2018 18:17:31 Wire.java DEBUG [Forwarding newSession on session null to remote] http.wire 72 - http-outgoing-0 << "HTTP/1.1 200 OK[\r][\n]"
08-15-2018 18:17:31 Wire.java DEBUG [Forwarding newSession on session null to remote] http.wire 72 - http-outgoing-0 << "Content-Length:895[\r][\n]"
08-15-2018 18:17:31 Wire.java DEBUG [Forwarding newSession on session null to remote] http.wire 72 - http-outgoing-0 << "Content-Type:application/json; charset=utf-8[\r][\n]"
08-15-2018 18:17:31 Wire.java DEBUG [Forwarding newSession on session null to remote] http.wire 72 - http-outgoing-0 << "[\r][\n]"
08-15-2018 18:17:31 Wire.java DEBUG [Forwarding newSession on session null to remote] http.wire 86 - http-outgoing-0 << "{"sessionId":"857549b83e0569a044e9cadfe4f70723","status":0,"value":{"acceptInsecureCerts":false,"acceptSslCerts":false,"applicationCacheEnabled":false,"browserConnectionEnabled":false,"browserName":"chrome","chrome":{"chromedriverVersion":"2.41.578737 (49da6702b16031c40d63e5618de03a32ff6c197e)","userDataDir":"C:\\Users\\SATYA~1.SAT\\AppData\\Local\\Temp\\scoped_dir23464_28074"},"cssSelectorsEnabled":true,"databaseEnabled":false,"goog:chromeOptions":{"debuggerAddress":"localhost:51277"},"handlesAlerts":true,"hasTouchScreen":false,"javascriptEnabled":true,"locationContextEnabled":true,"mobileEmulationEnabled":false,"nativeEvents":true,"networkConnectionEnabled":false,"pageLoadStrategy":"normal","platform":"Windows NT","rotatable":false,"setWindowRect":true,"takesHeapSnapshot":true,"takesScreenshot":true,"unexpectedAlertBehaviour":"","version":"68.0.3440.106","webStorageEnabled":true}}"
08-15-2018 18:17:31 LoggingManagedHttpClientConnection.java DEBUG [Forwarding newSession on session null to remote] http.headers 124 - http-outgoing-0 << HTTP/1.1 200 OK
08-15-2018 18:17:31 LoggingManagedHttpClientConnection.java DEBUG [Forwarding newSession on session null to remote] http.headers 127 - http-outgoing-0 << Content-Length:895
08-15-2018 18:17:31 LoggingManagedHttpClientConnection.java DEBUG [Forwarding newSession on session null to remote] http.headers 127 - http-outgoing-0 << Content-Type:application/json; charset=utf-8
08-15-2018 18:17:31 MainClientExec.java DEBUG [Forwarding newSession on session null to remote] execchain.MainClientExec 284 - Connection can be kept alive indefinitely
08-15-2018 18:17:31 PoolingHttpClientConnectionManager.java DEBUG [Forwarding newSession on session null to remote] conn.PoolingHttpClientConnectionManager 314 - Connection [id: 0][route: {}->http://localhost:27930] can be kept alive indefinitely
08-15-2018 18:17:31 PoolingHttpClientConnectionManager.java DEBUG [Forwarding newSession on session null to remote] conn.PoolingHttpClientConnectionManager 320 - Connection released: [id: 0][route: {}->http://localhost:27930][total kept alive: 1; route allocated: 1 of 2000; total allocated: 2 of 2000]
08-15-2018 18:17:31 RequestAddCookies.java DEBUG [Forwarding get on session 857549b83e0569a044e9cadfe4f70723 to remote] protocol.RequestAddCookies 122 - CookieSpec selected: default
08-15-2018 18:17:31 RequestAuthCache.java DEBUG [Forwarding get on session 857549b83e0569a044e9cadfe4f70723 to remote] protocol.RequestAuthCache 76 - Auth cache not set in the context
08-15-2018 18:17:31 PoolingHttpClientConnectionManager.java DEBUG [Forwarding get on session 857549b83e0569a044e9cadfe4f70723 to remote] conn.PoolingHttpClientConnectionManager 249 - Connection request: [route: {}->http://localhost:27930][total kept alive: 1; route allocated: 1 of 2000; total allocated: 2 of 2000]
08-15-2018 18:17:31 PoolingHttpClientConnectionManager.java DEBUG [Forwarding get on session 857549b83e0569a044e9cadfe4f70723 to remote] conn.PoolingHttpClientConnectionManager 282 - Connection leased: [id: 0][route: {}->http://localhost:27930][total kept alive: 0; route allocated: 1 of 2000; total allocated: 2 of 2000]
08-15-2018 18:17:31 MainClientExec.java DEBUG [Forwarding get on session 857549b83e0569a044e9cadfe4f70723 to remote] execchain.MainClientExec 207 - Stale connection check
08-15-2018 18:17:31 Wire.java DEBUG [Forwarding get on session 857549b83e0569a044e9cadfe4f70723 to remote] http.wire 86 - http-outgoing-0 << "[read] I/O error: Read timed out"
08-15-2018 18:17:31 LoggingManagedHttpClientConnection.java DEBUG [Forwarding get on session 857549b83e0569a044e9cadfe4f70723 to remote] conn.DefaultManagedHttpClientConnection 90 - http-outgoing-0: set socket timeout to 10800000
08-15-2018 18:17:31 MainClientExec.java DEBUG [Forwarding get on session 857549b83e0569a044e9cadfe4f70723 to remote] execchain.MainClientExec 255 - Executing request POST /session/857549b83e0569a044e9cadfe4f70723/url HTTP/1.1
08-15-2018 18:17:31 MainClientExec.java DEBUG [Forwarding get on session 857549b83e0569a044e9cadfe4f70723 to remote] execchain.MainClientExec 260 - Target auth state: UNCHALLENGED
08-15-2018 18:17:31 MainClientExec.java DEBUG [Forwarding get on session 857549b83e0569a044e9cadfe4f70723 to remote] execchain.MainClientExec 266 - Proxy auth state: UNCHALLENGED
08-15-2018 18:17:31 LoggingManagedHttpClientConnection.java DEBUG [Forwarding get on session 857549b83e0569a044e9cadfe4f70723 to remote] http.headers 135 - http-outgoing-0 >> POST /session/857549b83e0569a044e9cadfe4f70723/url HTTP/1.1
08-15-2018 18:17:31 LoggingManagedHttpClientConnection.java DEBUG [Forwarding get on session 857549b83e0569a044e9cadfe4f70723 to remote] http.headers 138 - http-outgoing-0 >> Content-Type: application/json; charset=utf-8
08-15-2018 18:17:31 LoggingManagedHttpClientConnection.java DEBUG [Forwarding get on session 857549b83e0569a044e9cadfe4f70723 to remote] http.headers 138 - http-outgoing-0 >> Content-Length: 33
08-15-2018 18:17:31 LoggingManagedHttpClientConnection.java DEBUG [Forwarding get on session 857549b83e0569a044e9cadfe4f70723 to remote] http.headers 138 - http-outgoing-0 >> Host: localhost:27930
08-15-2018 18:17:31 LoggingManagedHttpClientConnection.java DEBUG [Forwarding get on session 857549b83e0569a044e9cadfe4f70723 to remote] http.headers 138 - http-outgoing-0 >> Connection: Keep-Alive
08-15-2018 18:17:31 LoggingManagedHttpClientConnection.java DEBUG [Forwarding get on session 857549b83e0569a044e9cadfe4f70723 to remote] http.headers 138 - http-outgoing-0 >> User-Agent: Apache-HttpClient/4.5.1 (Java/1.8.0_131)
08-15-2018 18:17:31 LoggingManagedHttpClientConnection.java DEBUG [Forwarding get on session 857549b83e0569a044e9cadfe4f70723 to remote] http.headers 138 - http-outgoing-0 >> Accept-Encoding: gzip,deflate
08-15-2018 18:17:31 Wire.java DEBUG [Forwarding get on session 857549b83e0569a044e9cadfe4f70723 to remote] http.wire 72 - http-outgoing-0 >> "POST /session/857549b83e0569a044e9cadfe4f70723/url HTTP/1.1[\r][\n]"
08-15-2018 18:17:31 Wire.java DEBUG [Forwarding get on session 857549b83e0569a044e9cadfe4f70723 to remote] http.wire 72 - http-outgoing-0 >> "Content-Type: application/json; charset=utf-8[\r][\n]"
08-15-2018 18:17:31 Wire.java DEBUG [Forwarding get on session 857549b83e0569a044e9cadfe4f70723 to remote] http.wire 72 - http-outgoing-0 >> "Content-Length: 33[\r][\n]"
08-15-2018 18:17:31 Wire.java DEBUG [Forwarding get on session 857549b83e0569a044e9cadfe4f70723 to remote] http.wire 72 - http-outgoing-0 >> "Host: localhost:27930[\r][\n]"
08-15-2018 18:17:31 Wire.java DEBUG [Forwarding get on session 857549b83e0569a044e9cadfe4f70723 to remote] http.wire 72 - http-outgoing-0 >> "Connection: Keep-Alive[\r][\n]"
08-15-2018 18:17:31 Wire.java DEBUG [Forwarding get on session 857549b83e0569a044e9cadfe4f70723 to remote] http.wire 72 - http-outgoing-0 >> "User-Agent: Apache-HttpClient/4.5.1 (Java/1.8.0_131)[\r][\n]"
08-15-2018 18:17:31 Wire.java DEBUG [Forwarding get on session 857549b83e0569a044e9cadfe4f70723 to remote] http.wire 72 - http-outgoing-0 >> "Accept-Encoding: gzip,deflate[\r][\n]"
08-15-2018 18:17:31 Wire.java DEBUG [Forwarding get on session 857549b83e0569a044e9cadfe4f70723 to remote] http.wire 72 - http-outgoing-0 >> "[\r][\n]"
08-15-2018 18:17:31 Wire.java DEBUG [Forwarding get on session 857549b83e0569a044e9cadfe4f70723 to remote] http.wire 86 - http-outgoing-0 >> "{"url":"https://www.freecrm.com"}"
08-15-2018 18:17:31 Wire.java DEBUG [Forwarding newSession on session null to remote] http.wire 72 - http-outgoing-1 << "HTTP/1.1 200 OK[\r][\n]"
08-15-2018 18:17:31 Wire.java DEBUG [Forwarding newSession on session null to remote] http.wire 72 - http-outgoing-1 << "Content-Length:894[\r][\n]"
08-15-2018 18:17:31 Wire.java DEBUG [Forwarding newSession on session null to remote] http.wire 72 - http-outgoing-1 << "Content-Type:application/json; charset=utf-8[\r][\n]"
08-15-2018 18:17:31 Wire.java DEBUG [Forwarding newSession on session null to remote] http.wire 72 - http-outgoing-1 << "[\r][\n]"
08-15-2018 18:17:31 Wire.java DEBUG [Forwarding newSession on session null to remote] http.wire 86 - http-outgoing-1 << "{"sessionId":"157f7deaf4458e539c1c340fc0975aa2","status":0,"value":{"acceptInsecureCerts":false,"acceptSslCerts":false,"applicationCacheEnabled":false,"browserConnectionEnabled":false,"browserName":"chrome","chrome":{"chromedriverVersion":"2.41.578737 (49da6702b16031c40d63e5618de03a32ff6c197e)","userDataDir":"C:\\Users\\SATYA~1.SAT\\AppData\\Local\\Temp\\scoped_dir21856_6493"},"cssSelectorsEnabled":true,"databaseEnabled":false,"goog:chromeOptions":{"debuggerAddress":"localhost:51278"},"handlesAlerts":true,"hasTouchScreen":false,"javascriptEnabled":true,"locationContextEnabled":true,"mobileEmulationEnabled":false,"nativeEvents":true,"networkConnectionEnabled":false,"pageLoadStrategy":"normal","platform":"Windows NT","rotatable":false,"setWindowRect":true,"takesHeapSnapshot":true,"takesScreenshot":true,"unexpectedAlertBehaviour":"","version":"68.0.3440.106","webStorageEnabled":true}}"
08-15-2018 18:17:31 LoggingManagedHttpClientConnection.java DEBUG [Forwarding newSession on session null to remote] http.headers 124 - http-outgoing-1 << HTTP/1.1 200 OK
08-15-2018 18:17:31 LoggingManagedHttpClientConnection.java DEBUG [Forwarding newSession on session null to remote] http.headers 127 - http-outgoing-1 << Content-Length:894
08-15-2018 18:17:31 LoggingManagedHttpClientConnection.java DEBUG [Forwarding newSession on session null to remote] http.headers 127 - http-outgoing-1 << Content-Type:application/json; charset=utf-8
08-15-2018 18:17:31 MainClientExec.java DEBUG [Forwarding newSession on session null to remote] execchain.MainClientExec 284 - Connection can be kept alive indefinitely
08-15-2018 18:17:31 PoolingHttpClientConnectionManager.java DEBUG [Forwarding newSession on session null to remote] conn.PoolingHttpClientConnectionManager 314 - Connection [id: 1][route: {}->http://localhost:7334] can be kept alive indefinitely
08-15-2018 18:17:31 PoolingHttpClientConnectionManager.java DEBUG [Forwarding newSession on session null to remote] conn.PoolingHttpClientConnectionManager 320 - Connection released: [id: 1][route: {}->http://localhost:7334][total kept alive: 1; route allocated: 1 of 2000; total allocated: 2 of 2000]
08-15-2018 18:17:31 RequestAddCookies.java DEBUG [Forwarding get on session 157f7deaf4458e539c1c340fc0975aa2 to remote] protocol.RequestAddCookies 122 - CookieSpec selected: default
08-15-2018 18:17:31 RequestAuthCache.java DEBUG [Forwarding get on session 157f7deaf4458e539c1c340fc0975aa2 to remote] protocol.RequestAuthCache 76 - Auth cache not set in the context
08-15-2018 18:17:31 PoolingHttpClientConnectionManager.java DEBUG [Forwarding get on session 157f7deaf4458e539c1c340fc0975aa2 to remote] conn.PoolingHttpClientConnectionManager 249 - Connection request: [route: {}->http://localhost:7334][total kept alive: 1; route allocated: 1 of 2000; total allocated: 2 of 2000]
08-15-2018 18:17:31 PoolingHttpClientConnectionManager.java DEBUG [Forwarding get on session 157f7deaf4458e539c1c340fc0975aa2 to remote] conn.PoolingHttpClientConnectionManager 282 - Connection leased: [id: 1][route: {}->http://localhost:7334][total kept alive: 0; route allocated: 1 of 2000; total allocated: 2 of 2000]
08-15-2018 18:17:31 MainClientExec.java DEBUG [Forwarding get on session 157f7deaf4458e539c1c340fc0975aa2 to remote] execchain.MainClientExec 207 - Stale connection check
08-15-2018 18:17:31 Wire.java DEBUG [Forwarding get on session 157f7deaf4458e539c1c340fc0975aa2 to remote] http.wire 86 - http-outgoing-1 << "[read] I/O error: Read timed out"
08-15-2018 18:17:31 LoggingManagedHttpClientConnection.java DEBUG [Forwarding get on session 157f7deaf4458e539c1c340fc0975aa2 to remote] conn.DefaultManagedHttpClientConnection 90 - http-outgoing-1: set socket timeout to 10800000
08-15-2018 18:17:31 MainClientExec.java DEBUG [Forwarding get on session 157f7deaf4458e539c1c340fc0975aa2 to remote] execchain.MainClientExec 255 - Executing request POST /session/157f7deaf4458e539c1c340fc0975aa2/url HTTP/1.1
08-15-2018 18:17:31 MainClientExec.java DEBUG [Forwarding get on session 157f7deaf4458e539c1c340fc0975aa2 to remote] execchain.MainClientExec 260 - Target auth state: UNCHALLENGED
08-15-2018 18:17:31 MainClientExec.java DEBUG [Forwarding get on session 157f7deaf4458e539c1c340fc0975aa2 to remote] execchain.MainClientExec 266 - Proxy auth state: UNCHALLENGED
08-15-2018 18:17:31 LoggingManagedHttpClientConnection.java DEBUG [Forwarding get on session 157f7deaf4458e539c1c340fc0975aa2 to remote] http.headers 135 - http-outgoing-1 >> POST /session/157f7deaf4458e539c1c340fc0975aa2/url HTTP/1.1
08-15-2018 18:17:31 LoggingManagedHttpClientConnection.java DEBUG [Forwarding get on session 157f7deaf4458e539c1c340fc0975aa2 to remote] http.headers 138 - http-outgoing-1 >> Content-Type: application/json; charset=utf-8
08-15-2018 18:17:31 LoggingManagedHttpClientConnection.java DEBUG [Forwarding get on session 157f7deaf4458e539c1c340fc0975aa2 to remote] http.headers 138 - http-outgoing-1 >> Content-Length: 33
08-15-2018 18:17:31 LoggingManagedHttpClientConnection.java DEBUG [Forwarding get on session 157f7deaf4458e539c1c340fc0975aa2 to remote] http.headers 138 - http-outgoing-1 >> Host: localhost:7334
08-15-2018 18:17:31 LoggingManagedHttpClientConnection.java DEBUG [Forwarding get on session 157f7deaf4458e539c1c340fc0975aa2 to remote] http.headers 138 - http-outgoing-1 >> Connection: Keep-Alive
08-15-2018 18:17:31 LoggingManagedHttpClientConnection.java DEBUG [Forwarding get on session 157f7deaf4458e539c1c340fc0975aa2 to remote] http.headers 138 - http-outgoing-1 >> User-Agent: Apache-HttpClient/4.5.1 (Java/1.8.0_131)
08-15-2018 18:17:31 LoggingManagedHttpClientConnection.java DEBUG [Forwarding get on session 157f7deaf4458e539c1c340fc0975aa2 to remote] http.headers 138 - http-outgoing-1 >> Accept-Encoding: gzip,deflate
08-15-2018 18:17:31 Wire.java DEBUG [Forwarding get on session 157f7deaf4458e539c1c340fc0975aa2 to remote] http.wire 72 - http-outgoing-1 >> "POST /session/157f7deaf4458e539c1c340fc0975aa2/url HTTP/1.1[\r][\n]"
08-15-2018 18:17:31 Wire.java DEBUG [Forwarding get on session 157f7deaf4458e539c1c340fc0975aa2 to remote] http.wire 72 - http-outgoing-1 >> "Content-Type: application/json; charset=utf-8[\r][\n]"
08-15-2018 18:17:31 Wire.java DEBUG [Forwarding get on session 157f7deaf4458e539c1c340fc0975aa2 to remote] http.wire 72 - http-outgoing-1 >> "Content-Length: 33[\r][\n]"
08-15-2018 18:17:31 Wire.java DEBUG [Forwarding get on session 157f7deaf4458e539c1c340fc0975aa2 to remote] http.wire 72 - http-outgoing-1 >> "Host: localhost:7334[\r][\n]"
08-15-2018 18:17:31 Wire.java DEBUG [Forwarding get on session 157f7deaf4458e539c1c340fc0975aa2 to remote] http.wire 72 - http-outgoing-1 >> "Connection: Keep-Alive[\r][\n]"
08-15-2018 18:17:31 Wire.java DEBUG [Forwarding get on session 157f7deaf4458e539c1c340fc0975aa2 to remote] http.wire 72 - http-outgoing-1 >> "User-Agent: Apache-HttpClient/4.5.1 (Java/1.8.0_131)[\r][\n]"
08-15-2018 18:17:31 Wire.java DEBUG [Forwarding get on session 157f7deaf4458e539c1c340fc0975aa2 to remote] http.wire 72 - http-outgoing-1 >> "Accept-Encoding: gzip,deflate[\r][\n]"
08-15-2018 18:17:31 Wire.java DEBUG [Forwarding get on session 157f7deaf4458e539c1c340fc0975aa2 to remote] http.wire 72 - http-outgoing-1 >> "[\r][\n]"
08-15-2018 18:17:31 Wire.java DEBUG [Forwarding get on session 157f7deaf4458e539c1c340fc0975aa2 to remote] http.wire 86 - http-outgoing-1 >> "{"url":"https://www.freecrm.com"}"
08-15-2018 18:17:37 Wire.java DEBUG [Forwarding get on session 157f7deaf4458e539c1c340fc0975aa2 to remote] http.wire 72 - http-outgoing-1 << "HTTP/1.1 200 OK[\r][\n]"
08-15-2018 18:17:37 Wire.java DEBUG [Forwarding get on session 157f7deaf4458e539c1c340fc0975aa2 to remote] http.wire 72 - http-outgoing-1 << "Content-Length:72[\r][\n]"
08-15-2018 18:17:37 Wire.java DEBUG [Forwarding get on session 157f7deaf4458e539c1c340fc0975aa2 to remote] http.wire 72 - http-outgoing-1 << "Content-Type:application/json; charset=utf-8[\r][\n]"
08-15-2018 18:17:37 Wire.java DEBUG [Forwarding get on session 157f7deaf4458e539c1c340fc0975aa2 to remote] http.wire 72 - http-outgoing-1 << "[\r][\n]"
08-15-2018 18:17:37 Wire.java DEBUG [Forwarding get on session 157f7deaf4458e539c1c340fc0975aa2 to remote] http.wire 86 - http-outgoing-1 << "{"sessionId":"157f7deaf4458e539c1c340fc0975aa2","status":0,"value":null}"
08-15-2018 18:17:37 LoggingManagedHttpClientConnection.java DEBUG [Forwarding get on session 157f7deaf4458e539c1c340fc0975aa2 to remote] http.headers 124 - http-outgoing-1 << HTTP/1.1 200 OK
08-15-2018 18:17:37 LoggingManagedHttpClientConnection.java DEBUG [Forwarding get on session 157f7deaf4458e539c1c340fc0975aa2 to remote] http.headers 127 - http-outgoing-1 << Content-Length:72
08-15-2018 18:17:37 LoggingManagedHttpClientConnection.java DEBUG [Forwarding get on session 157f7deaf4458e539c1c340fc0975aa2 to remote] http.headers 127 - http-outgoing-1 << Content-Type:application/json; charset=utf-8
08-15-2018 18:17:37 MainClientExec.java DEBUG [Forwarding get on session 157f7deaf4458e539c1c340fc0975aa2 to remote] execchain.MainClientExec 284 - Connection can be kept alive indefinitely
08-15-2018 18:17:37 PoolingHttpClientConnectionManager.java DEBUG [Forwarding get on session 157f7deaf4458e539c1c340fc0975aa2 to remote] conn.PoolingHttpClientConnectionManager 314 - Connection [id: 1][route: {}->http://localhost:7334] can be kept alive indefinitely
08-15-2018 18:17:37 PoolingHttpClientConnectionManager.java DEBUG [Forwarding get on session 157f7deaf4458e539c1c340fc0975aa2 to remote] conn.PoolingHttpClientConnectionManager 320 - Connection released: [id: 1][route: {}->http://localhost:7334][total kept alive: 1; route allocated: 1 of 2000; total allocated: 2 of 2000]
08-15-2018 18:17:38 RequestAddCookies.java DEBUG [Forwarding maximizeWindow on session 157f7deaf4458e539c1c340fc0975aa2 to remote] protocol.RequestAddCookies 122 - CookieSpec selected: default
08-15-2018 18:17:38 RequestAuthCache.java DEBUG [Forwarding maximizeWindow on session 157f7deaf4458e539c1c340fc0975aa2 to remote] protocol.RequestAuthCache 76 - Auth cache not set in the context
08-15-2018 18:17:38 PoolingHttpClientConnectionManager.java DEBUG [Forwarding maximizeWindow on session 157f7deaf4458e539c1c340fc0975aa2 to remote] conn.PoolingHttpClientConnectionManager 249 - Connection request: [route: {}->http://localhost:7334][total kept alive: 1; route allocated: 1 of 2000; total allocated: 2 of 2000]
08-15-2018 18:17:38 PoolingHttpClientConnectionManager.java DEBUG [Forwarding maximizeWindow on session 157f7deaf4458e539c1c340fc0975aa2 to remote] conn.PoolingHttpClientConnectionManager 282 - Connection leased: [id: 1][route: {}->http://localhost:7334][total kept alive: 0; route allocated: 1 of 2000; total allocated: 2 of 2000]
08-15-2018 18:17:38 MainClientExec.java DEBUG [Forwarding maximizeWindow on session 157f7deaf4458e539c1c340fc0975aa2 to remote] execchain.MainClientExec 207 - Stale connection check
08-15-2018 18:17:38 Wire.java DEBUG [Forwarding maximizeWindow on session 157f7deaf4458e539c1c340fc0975aa2 to remote] http.wire 86 - http-outgoing-1 << "[read] I/O error: Read timed out"
08-15-2018 18:17:38 LoggingManagedHttpClientConnection.java DEBUG [Forwarding maximizeWindow on session 157f7deaf4458e539c1c340fc0975aa2 to remote] conn.DefaultManagedHttpClientConnection 90 - http-outgoing-1: set socket timeout to 10800000
08-15-2018 18:17:38 MainClientExec.java DEBUG [Forwarding maximizeWindow on session 157f7deaf4458e539c1c340fc0975aa2 to remote] execchain.MainClientExec 255 - Executing request POST /session/157f7deaf4458e539c1c340fc0975aa2/window/current/maximize HTTP/1.1
08-15-2018 18:17:38 MainClientExec.java DEBUG [Forwarding maximizeWindow on session 157f7deaf4458e539c1c340fc0975aa2 to remote] execchain.MainClientExec 260 - Target auth state: UNCHALLENGED
08-15-2018 18:17:38 MainClientExec.java DEBUG [Forwarding maximizeWindow on session 157f7deaf4458e539c1c340fc0975aa2 to remote] execchain.MainClientExec 266 - Proxy auth state: UNCHALLENGED
08-15-2018 18:17:38 LoggingManagedHttpClientConnection.java DEBUG [Forwarding maximizeWindow on session 157f7deaf4458e539c1c340fc0975aa2 to remote] http.headers 135 - http-outgoing-1 >> POST /session/157f7deaf4458e539c1c340fc0975aa2/window/current/maximize HTTP/1.1
08-15-2018 18:17:38 LoggingManagedHttpClientConnection.java DEBUG [Forwarding maximizeWindow on session 157f7deaf4458e539c1c340fc0975aa2 to remote] http.headers 138 - http-outgoing-1 >> Content-Type: application/json; charset=utf-8
08-15-2018 18:17:38 LoggingManagedHttpClientConnection.java DEBUG [Forwarding maximizeWindow on session 157f7deaf4458e539c1c340fc0975aa2 to remote] http.headers 138 - http-outgoing-1 >> Content-Length: 26
08-15-2018 18:17:38 LoggingManagedHttpClientConnection.java DEBUG [Forwarding maximizeWindow on session 157f7deaf4458e539c1c340fc0975aa2 to remote] http.headers 138 - http-outgoing-1 >> Host: localhost:7334
08-15-2018 18:17:38 LoggingManagedHttpClientConnection.java DEBUG [Forwarding maximizeWindow on session 157f7deaf4458e539c1c340fc0975aa2 to remote] http.headers 138 - http-outgoing-1 >> Connection: Keep-Alive
08-15-2018 18:17:38 LoggingManagedHttpClientConnection.java DEBUG [Forwarding maximizeWindow on session 157f7deaf4458e539c1c340fc0975aa2 to remote] http.headers 138 - http-outgoing-1 >> User-Agent: Apache-HttpClient/4.5.1 (Java/1.8.0_131)
08-15-2018 18:17:38 LoggingManagedHttpClientConnection.java DEBUG [Forwarding maximizeWindow on session 157f7deaf4458e539c1c340fc0975aa2 to remote] http.headers 138 - http-outgoing-1 >> Accept-Encoding: gzip,deflate
08-15-2018 18:17:38 Wire.java DEBUG [Forwarding maximizeWindow on session 157f7deaf4458e539c1c340fc0975aa2 to remote] http.wire 72 - http-outgoing-1 >> "POST /session/157f7deaf4458e539c1c340fc0975aa2/window/current/maximize HTTP/1.1[\r][\n]"
08-15-2018 18:17:38 Wire.java DEBUG [Forwarding maximizeWindow on session 157f7deaf4458e539c1c340fc0975aa2 to remote] http.wire 72 - http-outgoing-1 >> "Content-Type: application/json; charset=utf-8[\r][\n]"
08-15-2018 18:17:38 Wire.java DEBUG [Forwarding maximizeWindow on session 157f7deaf4458e539c1c340fc0975aa2 to remote] http.wire 72 - http-outgoing-1 >> "Content-Length: 26[\r][\n]"
08-15-2018 18:17:38 Wire.java DEBUG [Forwarding maximizeWindow on session 157f7deaf4458e539c1c340fc0975aa2 to remote] http.wire 72 - http-outgoing-1 >> "Host: localhost:7334[\r][\n]"
08-15-2018 18:17:38 Wire.java DEBUG [Forwarding maximizeWindow on session 157f7deaf4458e539c1c340fc0975aa2 to remote] http.wire 72 - http-outgoing-1 >> "Connection: Keep-Alive[\r][\n]"
08-15-2018 18:17:38 Wire.java DEBUG [Forwarding maximizeWindow on session 157f7deaf4458e539c1c340fc0975aa2 to remote] http.wire 72 - http-outgoing-1 >> "User-Agent: Apache-HttpClient/4.5.1 (Java/1.8.0_131)[\r][\n]"
08-15-2018 18:17:38 Wire.java DEBUG [Forwarding maximizeWindow on session 157f7deaf4458e539c1c340fc0975aa2 to remote] http.wire 72 - http-outgoing-1 >> "Accept-Encoding: gzip,deflate[\r][\n]"
08-15-2018 18:17:38 Wire.java DEBUG [Forwarding maximizeWindow on session 157f7deaf4458e539c1c340fc0975aa2 to remote] http.wire 72 - http-outgoing-1 >> "[\r][\n]"
08-15-2018 18:17:38 Wire.java DEBUG [Forwarding maximizeWindow on session 157f7deaf4458e539c1c340fc0975aa2 to remote] http.wire 86 - http-outgoing-1 >> "{"windowHandle":"current"}"
08-15-2018 18:17:38 Wire.java DEBUG [Forwarding get on session 857549b83e0569a044e9cadfe4f70723 to remote] http.wire 72 - http-outgoing-0 << "HTTP/1.1 200 OK[\r][\n]"
08-15-2018 18:17:38 Wire.java DEBUG [Forwarding get on session 857549b83e0569a044e9cadfe4f70723 to remote] http.wire 72 - http-outgoing-0 << "Content-Length:72[\r][\n]"
08-15-2018 18:17:38 Wire.java DEBUG [Forwarding get on session 857549b83e0569a044e9cadfe4f70723 to remote] http.wire 72 - http-outgoing-0 << "Content-Type:application/json; charset=utf-8[\r][\n]"
08-15-2018 18:17:38 Wire.java DEBUG [Forwarding get on session 857549b83e0569a044e9cadfe4f70723 to remote] http.wire 72 - http-outgoing-0 << "[\r][\n]"
08-15-2018 18:17:38 Wire.java DEBUG [Forwarding get on session 857549b83e0569a044e9cadfe4f70723 to remote] http.wire 86 - http-outgoing-0 << "{"sessionId":"857549b83e0569a044e9cadfe4f70723","status":0,"value":null}"
08-15-2018 18:17:38 LoggingManagedHttpClientConnection.java DEBUG [Forwarding get on session 857549b83e0569a044e9cadfe4f70723 to remote] http.headers 124 - http-outgoing-0 << HTTP/1.1 200 OK
08-15-2018 18:17:38 LoggingManagedHttpClientConnection.java DEBUG [Forwarding get on session 857549b83e0569a044e9cadfe4f70723 to remote] http.headers 127 - http-outgoing-0 << Content-Length:72
08-15-2018 18:17:38 LoggingManagedHttpClientConnection.java DEBUG [Forwarding get on session 857549b83e0569a044e9cadfe4f70723 to remote] http.headers 127 - http-outgoing-0 << Content-Type:application/json; charset=utf-8
08-15-2018 18:17:38 MainClientExec.java DEBUG [Forwarding get on session 857549b83e0569a044e9cadfe4f70723 to remote] execchain.MainClientExec 284 - Connection can be kept alive indefinitely
08-15-2018 18:17:38 PoolingHttpClientConnectionManager.java DEBUG [Forwarding get on session 857549b83e0569a044e9cadfe4f70723 to remote] conn.PoolingHttpClientConnectionManager 314 - Connection [id: 0][route: {}->http://localhost:27930] can be kept alive indefinitely
08-15-2018 18:17:38 PoolingHttpClientConnectionManager.java DEBUG [Forwarding get on session 857549b83e0569a044e9cadfe4f70723 to remote] conn.PoolingHttpClientConnectionManager 320 - Connection released: [id: 0][route: {}->http://localhost:27930][total kept alive: 1; route allocated: 1 of 2000; total allocated: 2 of 2000]
08-15-2018 18:17:38 RequestAddCookies.java DEBUG [Forwarding maximizeWindow on session 157f7deaf4458e539c1c340fc0975aa2 to remote] protocol.RequestAddCookies 122 - CookieSpec selected: default
08-15-2018 18:17:38 RequestAuthCache.java DEBUG [Forwarding maximizeWindow on session 157f7deaf4458e539c1c340fc0975aa2 to remote] protocol.RequestAuthCache 76 - Auth cache not set in the context
08-15-2018 18:17:38 PoolingHttpClientConnectionManager.java DEBUG [Forwarding maximizeWindow on session 157f7deaf4458e539c1c340fc0975aa2 to remote] conn.PoolingHttpClientConnectionManager 249 - Connection request: [route: {}->http://localhost:7334][total kept alive: 1; route allocated: 1 of 2000; total allocated: 2 of 2000]
08-15-2018 18:17:38 PoolingHttpClientConnectionManager.java DEBUG [Forwarding maximizeWindow on session 157f7deaf4458e539c1c340fc0975aa2 to remote] conn.PoolingHttpClientConnectionManager 282 - Connection leased: [id: 2][route: {}->http://localhost:7334][total kept alive: 1; route allocated: 2 of 2000; total allocated: 3 of 2000]
08-15-2018 18:17:38 MainClientExec.java DEBUG [Forwarding maximizeWindow on session 157f7deaf4458e539c1c340fc0975aa2 to remote] execchain.MainClientExec 234 - Opening connection {}->http://localhost:7334
08-15-2018 18:17:38 DefaultHttpClientConnectionOperator.java DEBUG [Forwarding maximizeWindow on session 157f7deaf4458e539c1c340fc0975aa2 to remote] conn.DefaultHttpClientConnectionOperator 131 - Connecting to localhost/127.0.0.1:7334
08-15-2018 18:17:38 DefaultHttpClientConnectionOperator.java DEBUG [Forwarding maximizeWindow on session 157f7deaf4458e539c1c340fc0975aa2 to remote] conn.DefaultHttpClientConnectionOperator 138 - Connection established 127.0.0.1:51339<->127.0.0.1:7334
08-15-2018 18:17:38 LoggingManagedHttpClientConnection.java DEBUG [Forwarding maximizeWindow on session 157f7deaf4458e539c1c340fc0975aa2 to remote] conn.DefaultManagedHttpClientConnection 90 - http-outgoing-2: set socket timeout to 10800000
08-15-2018 18:17:38 MainClientExec.java DEBUG [Forwarding maximizeWindow on session 157f7deaf4458e539c1c340fc0975aa2 to remote] execchain.MainClientExec 255 - Executing request POST /session/157f7deaf4458e539c1c340fc0975aa2/window/current/maximize HTTP/1.1
08-15-2018 18:17:38 MainClientExec.java DEBUG [Forwarding maximizeWindow on session 157f7deaf4458e539c1c340fc0975aa2 to remote] execchain.MainClientExec 260 - Target auth state: UNCHALLENGED
08-15-2018 18:17:38 MainClientExec.java DEBUG [Forwarding maximizeWindow on session 157f7deaf4458e539c1c340fc0975aa2 to remote] execchain.MainClientExec 266 - Proxy auth state: UNCHALLENGED
08-15-2018 18:17:38 LoggingManagedHttpClientConnection.java DEBUG [Forwarding maximizeWindow on session 157f7deaf4458e539c1c340fc0975aa2 to remote] http.headers 135 - http-outgoing-2 >> POST /session/157f7deaf4458e539c1c340fc0975aa2/window/current/maximize HTTP/1.1
08-15-2018 18:17:38 LoggingManagedHttpClientConnection.java DEBUG [Forwarding maximizeWindow on session 157f7deaf4458e539c1c340fc0975aa2 to remote] http.headers 138 - http-outgoing-2 >> Content-Type: application/json; charset=utf-8
08-15-2018 18:17:38 LoggingManagedHttpClientConnection.java DEBUG [Forwarding maximizeWindow on session 157f7deaf4458e539c1c340fc0975aa2 to remote] http.headers 138 - http-outgoing-2 >> Content-Length: 26
08-15-2018 18:17:38 LoggingManagedHttpClientConnection.java DEBUG [Forwarding maximizeWindow on session 157f7deaf4458e539c1c340fc0975aa2 to remote] http.headers 138 - http-outgoing-2 >> Host: localhost:7334
08-15-2018 18:17:38 LoggingManagedHttpClientConnection.java DEBUG [Forwarding maximizeWindow on session 157f7deaf4458e539c1c340fc0975aa2 to remote] http.headers 138 - http-outgoing-2 >> Connection: Keep-Alive
08-15-2018 18:17:38 LoggingManagedHttpClientConnection.java DEBUG [Forwarding maximizeWindow on session 157f7deaf4458e539c1c340fc0975aa2 to remote] http.headers 138 - http-outgoing-2 >> User-Agent: Apache-HttpClient/4.5.1 (Java/1.8.0_131)
08-15-2018 18:17:38 LoggingManagedHttpClientConnection.java DEBUG [Forwarding maximizeWindow on session 157f7deaf4458e539c1c340fc0975aa2 to remote] http.headers 138 - http-outgoing-2 >> Accept-Encoding: gzip,deflate
08-15-2018 18:17:38 Wire.java DEBUG [Forwarding maximizeWindow on session 157f7deaf4458e539c1c340fc0975aa2 to remote] http.wire 72 - http-outgoing-2 >> "POST /session/157f7deaf4458e539c1c340fc0975aa2/window/current/maximize HTTP/1.1[\r][\n]"
08-15-2018 18:17:38 Wire.java DEBUG [Forwarding maximizeWindow on session 157f7deaf4458e539c1c340fc0975aa2 to remote] http.wire 72 - http-outgoing-2 >> "Content-Type: application/json; charset=utf-8[\r][\n]"
08-15-2018 18:17:38 Wire.java DEBUG [Forwarding maximizeWindow on session 157f7deaf4458e539c1c340fc0975aa2 to remote] http.wire 72 - http-outgoing-2 >> "Content-Length: 26[\r][\n]"
08-15-2018 18:17:38 Wire.java DEBUG [Forwarding maximizeWindow on session 157f7deaf4458e539c1c340fc0975aa2 to remote] http.wire 72 - http-outgoing-2 >> "Host: localhost:7334[\r][\n]"
08-15-2018 18:17:38 Wire.java DEBUG [Forwarding maximizeWindow on session 157f7deaf4458e539c1c340fc0975aa2 to remote] http.wire 72 - http-outgoing-2 >> "Connection: Keep-Alive[\r][\n]"
08-15-2018 18:17:38 Wire.java DEBUG [Forwarding maximizeWindow on session 157f7deaf4458e539c1c340fc0975aa2 to remote] http.wire 72 - http-outgoing-2 >> "User-Agent: Apache-HttpClient/4.5.1 (Java/1.8.0_131)[\r][\n]"
08-15-2018 18:17:38 Wire.java DEBUG [Forwarding maximizeWindow on session 157f7deaf4458e539c1c340fc0975aa2 to remote] http.wire 72 - http-outgoing-2 >> "Accept-Encoding: gzip,deflate[\r][\n]"
08-15-2018 18:17:38 Wire.java DEBUG [Forwarding maximizeWindow on session 157f7deaf4458e539c1c340fc0975aa2 to remote] http.wire 72 - http-outgoing-2 >> "[\r][\n]"
08-15-2018 18:17:38 Wire.java DEBUG [Forwarding maximizeWindow on session 157f7deaf4458e539c1c340fc0975aa2 to remote] http.wire 86 - http-outgoing-2 >> "{"windowHandle":"current"}"
08-15-2018 18:17:39 Wire.java DEBUG [Forwarding maximizeWindow on session 157f7deaf4458e539c1c340fc0975aa2 to remote] http.wire 72 - http-outgoing-1 << "HTTP/1.1 200 OK[\r][\n]"
08-15-2018 18:17:39 Wire.java DEBUG [Forwarding maximizeWindow on session 157f7deaf4458e539c1c340fc0975aa2 to remote] http.wire 72 - http-outgoing-2 << "HTTP/1.1 200 OK[\r][\n]"
08-15-2018 18:17:39 Wire.java DEBUG [Forwarding maximizeWindow on session 157f7deaf4458e539c1c340fc0975aa2 to remote] http.wire 72 - http-outgoing-1 << "Content-Length:72[\r][\n]"
08-15-2018 18:17:39 Wire.java DEBUG [Forwarding maximizeWindow on session 157f7deaf4458e539c1c340fc0975aa2 to remote] http.wire 72 - http-outgoing-2 << "Content-Length:72[\r][\n]"
08-15-2018 18:17:39 Wire.java DEBUG [Forwarding maximizeWindow on session 157f7deaf4458e539c1c340fc0975aa2 to remote] http.wire 72 - http-outgoing-2 << "Content-Type:application/json; charset=utf-8[\r][\n]"
08-15-2018 18:17:39 Wire.java DEBUG [Forwarding maximizeWindow on session 157f7deaf4458e539c1c340fc0975aa2 to remote] http.wire 72 - http-outgoing-1 << "Content-Type:application/json; charset=utf-8[\r][\n]"
08-15-2018 18:17:39 Wire.java DEBUG [Forwarding maximizeWindow on session 157f7deaf4458e539c1c340fc0975aa2 to remote] http.wire 72 - http-outgoing-2 << "[\r][\n]"
08-15-2018 18:17:39 Wire.java DEBUG [Forwarding maximizeWindow on session 157f7deaf4458e539c1c340fc0975aa2 to remote] http.wire 72 - http-outgoing-1 << "[\r][\n]"
08-15-2018 18:17:39 Wire.java DEBUG [Forwarding maximizeWindow on session 157f7deaf4458e539c1c340fc0975aa2 to remote] http.wire 86 - http-outgoing-1 << "{"sessionId":"157f7deaf4458e539c1c340fc0975aa2","status":0,"value":null}"
08-15-2018 18:17:39 LoggingManagedHttpClientConnection.java DEBUG [Forwarding maximizeWindow on session 157f7deaf4458e539c1c340fc0975aa2 to remote] http.headers 124 - http-outgoing-1 << HTTP/1.1 200 OK
08-15-2018 18:17:39 Wire.java DEBUG [Forwarding maximizeWindow on session 157f7deaf4458e539c1c340fc0975aa2 to remote] http.wire 86 - http-outgoing-2 << "{"sessionId":"157f7deaf4458e539c1c340fc0975aa2","status":0,"value":null}"
08-15-2018 18:17:39 LoggingManagedHttpClientConnection.java DEBUG [Forwarding maximizeWindow on session 157f7deaf4458e539c1c340fc0975aa2 to remote] http.headers 127 - http-outgoing-1 << Content-Length:72
08-15-2018 18:17:39 LoggingManagedHttpClientConnection.java DEBUG [Forwarding maximizeWindow on session 157f7deaf4458e539c1c340fc0975aa2 to remote] http.headers 127 - http-outgoing-1 << Content-Type:application/json; charset=utf-8
08-15-2018 18:17:39 LoggingManagedHttpClientConnection.java DEBUG [Forwarding maximizeWindow on session 157f7deaf4458e539c1c340fc0975aa2 to remote] http.headers 124 - http-outgoing-2 << HTTP/1.1 200 OK
08-15-2018 18:17:39 MainClientExec.java DEBUG [Forwarding maximizeWindow on session 157f7deaf4458e539c1c340fc0975aa2 to remote] execchain.MainClientExec 284 - Connection can be kept alive indefinitely
08-15-2018 18:17:39 PoolingHttpClientConnectionManager.java DEBUG [Forwarding maximizeWindow on session 157f7deaf4458e539c1c340fc0975aa2 to remote] conn.PoolingHttpClientConnectionManager 314 - Connection [id: 1][route: {}->http://localhost:7334] can be kept alive indefinitely
08-15-2018 18:17:39 PoolingHttpClientConnectionManager.java DEBUG [Forwarding maximizeWindow on session 157f7deaf4458e539c1c340fc0975aa2 to remote] conn.PoolingHttpClientConnectionManager 320 - Connection released: [id: 1][route: {}->http://localhost:7334][total kept alive: 2; route allocated: 2 of 2000; total allocated: 3 of 2000]
08-15-2018 18:17:39 LoggingManagedHttpClientConnection.java DEBUG [Forwarding maximizeWindow on session 157f7deaf4458e539c1c340fc0975aa2 to remote] http.headers 127 - http-outgoing-2 << Content-Length:72
08-15-2018 18:17:39 LoggingManagedHttpClientConnection.java DEBUG [Forwarding maximizeWindow on session 157f7deaf4458e539c1c340fc0975aa2 to remote] http.headers 127 - http-outgoing-2 << Content-Type:application/json; charset=utf-8
08-15-2018 18:17:39 MainClientExec.java DEBUG [Forwarding maximizeWindow on session 157f7deaf4458e539c1c340fc0975aa2 to remote] execchain.MainClientExec 284 - Connection can be kept alive indefinitely
08-15-2018 18:17:39 PoolingHttpClientConnectionManager.java DEBUG [Forwarding maximizeWindow on session 157f7deaf4458e539c1c340fc0975aa2 to remote] conn.PoolingHttpClientConnectionManager 314 - Connection [id: 2][route: {}->http://localhost:7334] can be kept alive indefinitely
08-15-2018 18:17:39 PoolingHttpClientConnectionManager.java DEBUG [Forwarding maximizeWindow on session 157f7deaf4458e539c1c340fc0975aa2 to remote] conn.PoolingHttpClientConnectionManager 320 - Connection released: [id: 2][route: {}->http://localhost:7334][total kept alive: 3; route allocated: 2 of 2000; total allocated: 3 of 2000]
08-15-2018 18:17:39 RequestAddCookies.java DEBUG [Forwarding setTimeout on session 157f7deaf4458e539c1c340fc0975aa2 to remote] protocol.RequestAddCookies 122 - CookieSpec selected: default
08-15-2018 18:17:39 RequestAddCookies.java DEBUG [Forwarding setTimeout on session 157f7deaf4458e539c1c340fc0975aa2 to remote] protocol.RequestAddCookies 122 - CookieSpec selected: default
08-15-2018 18:17:39 RequestAuthCache.java DEBUG [Forwarding setTimeout on session 157f7deaf4458e539c1c340fc0975aa2 to remote] protocol.RequestAuthCache 76 - Auth cache not set in the context
08-15-2018 18:17:39 RequestAuthCache.java DEBUG [Forwarding setTimeout on session 157f7deaf4458e539c1c340fc0975aa2 to remote] protocol.RequestAuthCache 76 - Auth cache not set in the context
08-15-2018 18:17:39 PoolingHttpClientConnectionManager.java DEBUG [Forwarding setTimeout on session 157f7deaf4458e539c1c340fc0975aa2 to remote] conn.PoolingHttpClientConnectionManager 249 - Connection request: [route: {}->http://localhost:7334][total kept alive: 3; route allocated: 2 of 2000; total allocated: 3 of 2000]
08-15-2018 18:17:39 PoolingHttpClientConnectionManager.java DEBUG [Forwarding setTimeout on session 157f7deaf4458e539c1c340fc0975aa2 to remote] conn.PoolingHttpClientConnectionManager 249 - Connection request: [route: {}->http://localhost:7334][total kept alive: 3; route allocated: 2 of 2000; total allocated: 3 of 2000]
08-15-2018 18:17:39 PoolingHttpClientConnectionManager.java DEBUG [Forwarding setTimeout on session 157f7deaf4458e539c1c340fc0975aa2 to remote] conn.PoolingHttpClientConnectionManager 282 - Connection leased: [id: 2][route: {}->http://localhost:7334][total kept alive: 2; route allocated: 2 of 2000; total allocated: 3 of 2000]
08-15-2018 18:17:39 PoolingHttpClientConnectionManager.java DEBUG [Forwarding setTimeout on session 157f7deaf4458e539c1c340fc0975aa2 to remote] conn.PoolingHttpClientConnectionManager 282 - Connection leased: [id: 1][route: {}->http://localhost:7334][total kept alive: 1; route allocated: 2 of 2000; total allocated: 3 of 2000]
08-15-2018 18:17:39 MainClientExec.java DEBUG [Forwarding setTimeout on session 157f7deaf4458e539c1c340fc0975aa2 to remote] execchain.MainClientExec 207 - Stale connection check
08-15-2018 18:17:39 MainClientExec.java DEBUG [Forwarding setTimeout on session 157f7deaf4458e539c1c340fc0975aa2 to remote] execchain.MainClientExec 207 - Stale connection check
08-15-2018 18:17:39 Wire.java DEBUG [Forwarding setTimeout on session 157f7deaf4458e539c1c340fc0975aa2 to remote] http.wire 86 - http-outgoing-2 << "[read] I/O error: Read timed out"
08-15-2018 18:17:39 LoggingManagedHttpClientConnection.java DEBUG [Forwarding setTimeout on session 157f7deaf4458e539c1c340fc0975aa2 to remote] conn.DefaultManagedHttpClientConnection 90 - http-outgoing-2: set socket timeout to 10800000
08-15-2018 18:17:39 MainClientExec.java DEBUG [Forwarding setTimeout on session 157f7deaf4458e539c1c340fc0975aa2 to remote] execchain.MainClientExec 255 - Executing request POST /session/157f7deaf4458e539c1c340fc0975aa2/timeouts HTTP/1.1
08-15-2018 18:17:39 MainClientExec.java DEBUG [Forwarding setTimeout on session 157f7deaf4458e539c1c340fc0975aa2 to remote] execchain.MainClientExec 260 - Target auth state: UNCHALLENGED
08-15-2018 18:17:39 MainClientExec.java DEBUG [Forwarding setTimeout on session 157f7deaf4458e539c1c340fc0975aa2 to remote] execchain.MainClientExec 266 - Proxy auth state: UNCHALLENGED
08-15-2018 18:17:39 LoggingManagedHttpClientConnection.java DEBUG [Forwarding setTimeout on session 157f7deaf4458e539c1c340fc0975aa2 to remote] http.headers 135 - http-outgoing-2 >> POST /session/157f7deaf4458e539c1c340fc0975aa2/timeouts HTTP/1.1
08-15-2018 18:17:39 LoggingManagedHttpClientConnection.java DEBUG [Forwarding setTimeout on session 157f7deaf4458e539c1c340fc0975aa2 to remote] http.headers 138 - http-outgoing-2 >> Content-Type: application/json; charset=utf-8
08-15-2018 18:17:39 LoggingManagedHttpClientConnection.java DEBUG [Forwarding setTimeout on session 157f7deaf4458e539c1c340fc0975aa2 to remote] http.headers 138 - http-outgoing-2 >> Content-Length: 30
08-15-2018 18:17:39 LoggingManagedHttpClientConnection.java DEBUG [Forwarding setTimeout on session 157f7deaf4458e539c1c340fc0975aa2 to remote] http.headers 138 - http-outgoing-2 >> Host: localhost:7334
08-15-2018 18:17:39 LoggingManagedHttpClientConnection.java DEBUG [Forwarding setTimeout on session 157f7deaf4458e539c1c340fc0975aa2 to remote] http.headers 138 - http-outgoing-2 >> Connection: Keep-Alive
08-15-2018 18:17:39 LoggingManagedHttpClientConnection.java DEBUG [Forwarding setTimeout on session 157f7deaf4458e539c1c340fc0975aa2 to remote] http.headers 138 - http-outgoing-2 >> User-Agent: Apache-HttpClient/4.5.1 (Java/1.8.0_131)
08-15-2018 18:17:39 LoggingManagedHttpClientConnection.java DEBUG [Forwarding setTimeout on session 157f7deaf4458e539c1c340fc0975aa2 to remote] http.headers 138 - http-outgoing-2 >> Accept-Encoding: gzip,deflate
08-15-2018 18:17:39 Wire.java DEBUG [Forwarding setTimeout on session 157f7deaf4458e539c1c340fc0975aa2 to remote] http.wire 72 - http-outgoing-2 >> "POST /session/157f7deaf4458e539c1c340fc0975aa2/timeouts HTTP/1.1[\r][\n]"
08-15-2018 18:17:39 Wire.java DEBUG [Forwarding setTimeout on session 157f7deaf4458e539c1c340fc0975aa2 to remote] http.wire 72 - http-outgoing-2 >> "Content-Type: application/json; charset=utf-8[\r][\n]"
08-15-2018 18:17:39 Wire.java DEBUG [Forwarding setTimeout on session 157f7deaf4458e539c1c340fc0975aa2 to remote] http.wire 72 - http-outgoing-2 >> "Content-Length: 30[\r][\n]"
08-15-2018 18:17:39 Wire.java DEBUG [Forwarding setTimeout on session 157f7deaf4458e539c1c340fc0975aa2 to remote] http.wire 72 - http-outgoing-2 >> "Host: localhost:7334[\r][\n]"
08-15-2018 18:17:39 Wire.java DEBUG [Forwarding setTimeout on session 157f7deaf4458e539c1c340fc0975aa2 to remote] http.wire 72 - http-outgoing-2 >> "Connection: Keep-Alive[\r][\n]"
08-15-2018 18:17:39 Wire.java DEBUG [Forwarding setTimeout on session 157f7deaf4458e539c1c340fc0975aa2 to remote] http.wire 86 - http-outgoing-1 << "[read] I/O error: Read timed out"
08-15-2018 18:17:39 LoggingManagedHttpClientConnection.java DEBUG [Forwarding setTimeout on session 157f7deaf4458e539c1c340fc0975aa2 to remote] conn.DefaultManagedHttpClientConnection 90 - http-outgoing-1: set socket timeout to 10800000
08-15-2018 18:17:39 MainClientExec.java DEBUG [Forwarding setTimeout on session 157f7deaf4458e539c1c340fc0975aa2 to remote] execchain.MainClientExec 255 - Executing request POST /session/157f7deaf4458e539c1c340fc0975aa2/timeouts HTTP/1.1
08-15-2018 18:17:39 MainClientExec.java DEBUG [Forwarding setTimeout on session 157f7deaf4458e539c1c340fc0975aa2 to remote] execchain.MainClientExec 260 - Target auth state: UNCHALLENGED
08-15-2018 18:17:39 MainClientExec.java DEBUG [Forwarding setTimeout on session 157f7deaf4458e539c1c340fc0975aa2 to remote] execchain.MainClientExec 266 - Proxy auth state: UNCHALLENGED
08-15-2018 18:17:39 Wire.java DEBUG [Forwarding setTimeout on session 157f7deaf4458e539c1c340fc0975aa2 to remote] http.wire 72 - http-outgoing-2 >> "User-Agent: Apache-HttpClient/4.5.1 (Java/1.8.0_131)[\r][\n]"
08-15-2018 18:17:39 LoggingManagedHttpClientConnection.java DEBUG [Forwarding setTimeout on session 157f7deaf4458e539c1c340fc0975aa2 to remote] http.headers 135 - http-outgoing-1 >> POST /session/157f7deaf4458e539c1c340fc0975aa2/timeouts HTTP/1.1
08-15-2018 18:17:39 Wire.java DEBUG [Forwarding setTimeout on session 157f7deaf4458e539c1c340fc0975aa2 to remote] http.wire 72 - http-outgoing-2 >> "Accept-Encoding: gzip,deflate[\r][\n]"
08-15-2018 18:17:39 LoggingManagedHttpClientConnection.java DEBUG [Forwarding setTimeout on session 157f7deaf4458e539c1c340fc0975aa2 to remote] http.headers 138 - http-outgoing-1 >> Content-Type: application/json; charset=utf-8
08-15-2018 18:17:39 LoggingManagedHttpClientConnection.java DEBUG [Forwarding setTimeout on session 157f7deaf4458e539c1c340fc0975aa2 to remote] http.headers 138 - http-outgoing-1 >> Content-Length: 30
08-15-2018 18:17:39 Wire.java DEBUG [Forwarding setTimeout on session 157f7deaf4458e539c1c340fc0975aa2 to remote] http.wire 72 - http-outgoing-2 >> "[\r][\n]"
08-15-2018 18:17:39 LoggingManagedHttpClientConnection.java DEBUG [Forwarding setTimeout on session 157f7deaf4458e539c1c340fc0975aa2 to remote] http.headers 138 - http-outgoing-1 >> Host: localhost:7334
08-15-2018 18:17:39 Wire.java DEBUG [Forwarding setTimeout on session 157f7deaf4458e539c1c340fc0975aa2 to remote] http.wire 86 - http-outgoing-2 >> "{"type":"implicit","ms":10000}"
08-15-2018 18:17:39 LoggingManagedHttpClientConnection.java DEBUG [Forwarding setTimeout on session 157f7deaf4458e539c1c340fc0975aa2 to remote] http.headers 138 - http-outgoing-1 >> Connection: Keep-Alive
08-15-2018 18:17:39 LoggingManagedHttpClientConnection.java DEBUG [Forwarding setTimeout on session 157f7deaf4458e539c1c340fc0975aa2 to remote] http.headers 138 - http-outgoing-1 >> User-Agent: Apache-HttpClient/4.5.1 (Java/1.8.0_131)
08-15-2018 18:17:39 LoggingManagedHttpClientConnection.java DEBUG [Forwarding setTimeout on session 157f7deaf4458e539c1c340fc0975aa2 to remote] http.headers 138 - http-outgoing-1 >> Accept-Encoding: gzip,deflate
08-15-2018 18:17:39 Wire.java DEBUG [Forwarding setTimeout on session 157f7deaf4458e539c1c340fc0975aa2 to remote] http.wire 72 - http-outgoing-1 >> "POST /session/157f7deaf4458e539c1c340fc0975aa2/timeouts HTTP/1.1[\r][\n]"
08-15-2018 18:17:39 Wire.java DEBUG [Forwarding setTimeout on session 157f7deaf4458e539c1c340fc0975aa2 to remote] http.wire 72 - http-outgoing-1 >> "Content-Type: application/json; charset=utf-8[\r][\n]"
08-15-2018 18:17:39 Wire.java DEBUG [Forwarding setTimeout on session 157f7deaf4458e539c1c340fc0975aa2 to remote] http.wire 72 - http-outgoing-1 >> "Content-Length: 30[\r][\n]"
08-15-2018 18:17:39 Wire.java DEBUG [Forwarding setTimeout on session 157f7deaf4458e539c1c340fc0975aa2 to remote] http.wire 72 - http-outgoing-1 >> "Host: localhost:7334[\r][\n]"
08-15-2018 18:17:39 Wire.java DEBUG [Forwarding setTimeout on session 157f7deaf4458e539c1c340fc0975aa2 to remote] http.wire 72 - http-outgoing-1 >> "Connection: Keep-Alive[\r][\n]"
08-15-2018 18:17:39 Wire.java DEBUG [Forwarding setTimeout on session 157f7deaf4458e539c1c340fc0975aa2 to remote] http.wire 72 - http-outgoing-1 >> "User-Agent: Apache-HttpClient/4.5.1 (Java/1.8.0_131)[\r][\n]"
08-15-2018 18:17:39 Wire.java DEBUG [Forwarding setTimeout on session 157f7deaf4458e539c1c340fc0975aa2 to remote] http.wire 72 - http-outgoing-1 >> "Accept-Encoding: gzip,deflate[\r][\n]"
08-15-2018 18:17:39 Wire.java DEBUG [Forwarding setTimeout on session 157f7deaf4458e539c1c340fc0975aa2 to remote] http.wire 72 - http-outgoing-1 >> "[\r][\n]"
08-15-2018 18:17:39 Wire.java DEBUG [Forwarding setTimeout on session 157f7deaf4458e539c1c340fc0975aa2 to remote] http.wire 86 - http-outgoing-1 >> "{"type":"implicit","ms":10000}"
08-15-2018 18:17:39 Wire.java DEBUG [Forwarding setTimeout on session 157f7deaf4458e539c1c340fc0975aa2 to remote] http.wire 72 - http-outgoing-2 << "HTTP/1.1 200 OK[\r][\n]"
08-15-2018 18:17:39 Wire.java DEBUG [Forwarding setTimeout on session 157f7deaf4458e539c1c340fc0975aa2 to remote] http.wire 72 - http-outgoing-2 << "Content-Length:72[\r][\n]"
08-15-2018 18:17:39 Wire.java DEBUG [Forwarding setTimeout on session 157f7deaf4458e539c1c340fc0975aa2 to remote] http.wire 72 - http-outgoing-2 << "Content-Type:application/json; charset=utf-8[\r][\n]"
08-15-2018 18:17:39 Wire.java DEBUG [Forwarding setTimeout on session 157f7deaf4458e539c1c340fc0975aa2 to remote] http.wire 72 - http-outgoing-2 << "[\r][\n]"
08-15-2018 18:17:39 Wire.java DEBUG [Forwarding setTimeout on session 157f7deaf4458e539c1c340fc0975aa2 to remote] http.wire 86 - http-outgoing-2 << "{"sessionId":"157f7deaf4458e539c1c340fc0975aa2","status":0,"value":null}"
08-15-2018 18:17:39 LoggingManagedHttpClientConnection.java DEBUG [Forwarding setTimeout on session 157f7deaf4458e539c1c340fc0975aa2 to remote] http.headers 124 - http-outgoing-2 << HTTP/1.1 200 OK
08-15-2018 18:17:39 LoggingManagedHttpClientConnection.java DEBUG [Forwarding setTimeout on session 157f7deaf4458e539c1c340fc0975aa2 to remote] http.headers 127 - http-outgoing-2 << Content-Length:72
08-15-2018 18:17:39 LoggingManagedHttpClientConnection.java DEBUG [Forwarding setTimeout on session 157f7deaf4458e539c1c340fc0975aa2 to remote] http.headers 127 - http-outgoing-2 << Content-Type:application/json; charset=utf-8
08-15-2018 18:17:39 MainClientExec.java DEBUG [Forwarding setTimeout on session 157f7deaf4458e539c1c340fc0975aa2 to remote] execchain.MainClientExec 284 - Connection can be kept alive indefinitely
08-15-2018 18:17:39 PoolingHttpClientConnectionManager.java DEBUG [Forwarding setTimeout on session 157f7deaf4458e539c1c340fc0975aa2 to remote] conn.PoolingHttpClientConnectionManager 314 - Connection [id: 2][route: {}->http://localhost:7334] can be kept alive indefinitely
08-15-2018 18:17:39 PoolingHttpClientConnectionManager.java DEBUG [Forwarding setTimeout on session 157f7deaf4458e539c1c340fc0975aa2 to remote] conn.PoolingHttpClientConnectionManager 320 - Connection released: [id: 2][route: {}->http://localhost:7334][total kept alive: 2; route allocated: 2 of 2000; total allocated: 3 of 2000]
08-15-2018 18:17:39 RequestAddCookies.java DEBUG [Forwarding setTimeout on session 157f7deaf4458e539c1c340fc0975aa2 to remote] protocol.RequestAddCookies 122 - CookieSpec selected: default
08-15-2018 18:17:39 RequestAuthCache.java DEBUG [Forwarding setTimeout on session 157f7deaf4458e539c1c340fc0975aa2 to remote] protocol.RequestAuthCache 76 - Auth cache not set in the context
08-15-2018 18:17:39 Wire.java DEBUG [Forwarding setTimeout on session 157f7deaf4458e539c1c340fc0975aa2 to remote] http.wire 72 - http-outgoing-1 << "HTTP/1.1 200 OK[\r][\n]"
08-15-2018 18:17:39 PoolingHttpClientConnectionManager.java DEBUG [Forwarding setTimeout on session 157f7deaf4458e539c1c340fc0975aa2 to remote] conn.PoolingHttpClientConnectionManager 249 - Connection request: [route: {}->http://localhost:7334][total kept alive: 2; route allocated: 2 of 2000; total allocated: 3 of 2000]
08-15-2018 18:17:39 Wire.java DEBUG [Forwarding setTimeout on session 157f7deaf4458e539c1c340fc0975aa2 to remote] http.wire 72 - http-outgoing-1 << "Content-Length:72[\r][\n]"
08-15-2018 18:17:39 PoolingHttpClientConnectionManager.java DEBUG [Forwarding setTimeout on session 157f7deaf4458e539c1c340fc0975aa2 to remote] conn.PoolingHttpClientConnectionManager 282 - Connection leased: [id: 2][route: {}->http://localhost:7334][total kept alive: 1; route allocated: 2 of 2000; total allocated: 3 of 2000]
08-15-2018 18:17:39 Wire.java DEBUG [Forwarding setTimeout on session 157f7deaf4458e539c1c340fc0975aa2 to remote] http.wire 72 - http-outgoing-1 << "Content-Type:application/json; charset=utf-8[\r][\n]"
08-15-2018 18:17:39 Wire.java DEBUG [Forwarding setTimeout on session 157f7deaf4458e539c1c340fc0975aa2 to remote] http.wire 72 - http-outgoing-1 << "[\r][\n]"
08-15-2018 18:17:39 Wire.java DEBUG [Forwarding setTimeout on session 157f7deaf4458e539c1c340fc0975aa2 to remote] http.wire 86 - http-outgoing-1 << "{"sessionId":"157f7deaf4458e539c1c340fc0975aa2","status":0,"value":null}"
08-15-2018 18:17:39 LoggingManagedHttpClientConnection.java DEBUG [Forwarding setTimeout on session 157f7deaf4458e539c1c340fc0975aa2 to remote] http.headers 124 - http-outgoing-1 << HTTP/1.1 200 OK
08-15-2018 18:17:39 LoggingManagedHttpClientConnection.java DEBUG [Forwarding setTimeout on session 157f7deaf4458e539c1c340fc0975aa2 to remote] http.headers 127 - http-outgoing-1 << Content-Length:72
08-15-2018 18:17:39 LoggingManagedHttpClientConnection.java DEBUG [Forwarding setTimeout on session 157f7deaf4458e539c1c340fc0975aa2 to remote] http.headers 127 - http-outgoing-1 << Content-Type:application/json; charset=utf-8
08-15-2018 18:17:39 MainClientExec.java DEBUG [Forwarding setTimeout on session 157f7deaf4458e539c1c340fc0975aa2 to remote] execchain.MainClientExec 284 - Connection can be kept alive indefinitely
08-15-2018 18:17:39 MainClientExec.java DEBUG [Forwarding setTimeout on session 157f7deaf4458e539c1c340fc0975aa2 to remote] execchain.MainClientExec 207 - Stale connection check
08-15-2018 18:17:39 PoolingHttpClientConnectionManager.java DEBUG [Forwarding setTimeout on session 157f7deaf4458e539c1c340fc0975aa2 to remote] conn.PoolingHttpClientConnectionManager 314 - Connection [id: 1][route: {}->http://localhost:7334] can be kept alive indefinitely
08-15-2018 18:17:39 PoolingHttpClientConnectionManager.java DEBUG [Forwarding setTimeout on session 157f7deaf4458e539c1c340fc0975aa2 to remote] conn.PoolingHttpClientConnectionManager 320 - Connection released: [id: 1][route: {}->http://localhost:7334][total kept alive: 2; route allocated: 2 of 2000; total allocated: 3 of 2000]
08-15-2018 18:17:39 Wire.java DEBUG [Forwarding setTimeout on session 157f7deaf4458e539c1c340fc0975aa2 to remote] http.wire 86 - http-outgoing-2 << "[read] I/O error: Read timed out"
08-15-2018 18:17:39 LoggingManagedHttpClientConnection.java DEBUG [Forwarding setTimeout on session 157f7deaf4458e539c1c340fc0975aa2 to remote] conn.DefaultManagedHttpClientConnection 90 - http-outgoing-2: set socket timeout to 10800000
08-15-2018 18:17:39 MainClientExec.java DEBUG [Forwarding setTimeout on session 157f7deaf4458e539c1c340fc0975aa2 to remote] execchain.MainClientExec 255 - Executing request POST /session/157f7deaf4458e539c1c340fc0975aa2/timeouts HTTP/1.1
08-15-2018 18:17:39 MainClientExec.java DEBUG [Forwarding setTimeout on session 157f7deaf4458e539c1c340fc0975aa2 to remote] execchain.MainClientExec 260 - Target auth state: UNCHALLENGED
08-15-2018 18:17:39 MainClientExec.java DEBUG [Forwarding setTimeout on session 157f7deaf4458e539c1c340fc0975aa2 to remote] execchain.MainClientExec 266 - Proxy auth state: UNCHALLENGED
08-15-2018 18:17:39 RequestAddCookies.java DEBUG [Forwarding setTimeout on session 157f7deaf4458e539c1c340fc0975aa2 to remote] protocol.RequestAddCookies 122 - CookieSpec selected: default
08-15-2018 18:17:39 RequestAuthCache.java DEBUG [Forwarding setTimeout on session 157f7deaf4458e539c1c340fc0975aa2 to remote] protocol.RequestAuthCache 76 - Auth cache not set in the context
08-15-2018 18:17:39 PoolingHttpClientConnectionManager.java DEBUG [Forwarding setTimeout on session 157f7deaf4458e539c1c340fc0975aa2 to remote] conn.PoolingHttpClientConnectionManager 249 - Connection request: [route: {}->http://localhost:7334][total kept alive: 2; route allocated: 2 of 2000; total allocated: 3 of 2000]
08-15-2018 18:17:39 LoggingManagedHttpClientConnection.java DEBUG [Forwarding setTimeout on session 157f7deaf4458e539c1c340fc0975aa2 to remote] http.headers 135 - http-outgoing-2 >> POST /session/157f7deaf4458e539c1c340fc0975aa2/timeouts HTTP/1.1
08-15-2018 18:17:39 PoolingHttpClientConnectionManager.java DEBUG [Forwarding setTimeout on session 157f7deaf4458e539c1c340fc0975aa2 to remote] conn.PoolingHttpClientConnectionManager 282 - Connection leased: [id: 1][route: {}->http://localhost:7334][total kept alive: 1; route allocated: 2 of 2000; total allocated: 3 of 2000]
08-15-2018 18:17:39 LoggingManagedHttpClientConnection.java DEBUG [Forwarding setTimeout on session 157f7deaf4458e539c1c340fc0975aa2 to remote] http.headers 138 - http-outgoing-2 >> Content-Type: application/json; charset=utf-8
08-15-2018 18:17:39 MainClientExec.java DEBUG [Forwarding setTimeout on session 157f7deaf4458e539c1c340fc0975aa2 to remote] execchain.MainClientExec 207 - Stale connection check
08-15-2018 18:17:39 LoggingManagedHttpClientConnection.java DEBUG [Forwarding setTimeout on session 157f7deaf4458e539c1c340fc0975aa2 to remote] http.headers 138 - http-outgoing-2 >> Content-Length: 31
08-15-2018 18:17:39 LoggingManagedHttpClientConnection.java DEBUG [Forwarding setTimeout on session 157f7deaf4458e539c1c340fc0975aa2 to remote] http.headers 138 - http-outgoing-2 >> Host: localhost:7334
08-15-2018 18:17:39 LoggingManagedHttpClientConnection.java DEBUG [Forwarding setTimeout on session 157f7deaf4458e539c1c340fc0975aa2 to remote] http.headers 138 - http-outgoing-2 >> Connection: Keep-Alive
08-15-2018 18:17:39 LoggingManagedHttpClientConnection.java DEBUG [Forwarding setTimeout on session 157f7deaf4458e539c1c340fc0975aa2 to remote] http.headers 138 - http-outgoing-2 >> User-Agent: Apache-HttpClient/4.5.1 (Java/1.8.0_131)
08-15-2018 18:17:39 LoggingManagedHttpClientConnection.java DEBUG [Forwarding setTimeout on session 157f7deaf4458e539c1c340fc0975aa2 to remote] http.headers 138 - http-outgoing-2 >> Accept-Encoding: gzip,deflate
08-15-2018 18:17:39 Wire.java DEBUG [Forwarding setTimeout on session 157f7deaf4458e539c1c340fc0975aa2 to remote] http.wire 72 - http-outgoing-2 >> "POST /session/157f7deaf4458e539c1c340fc0975aa2/timeouts HTTP/1.1[\r][\n]"
08-15-2018 18:17:39 Wire.java DEBUG [Forwarding setTimeout on session 157f7deaf4458e539c1c340fc0975aa2 to remote] http.wire 72 - http-outgoing-2 >> "Content-Type: application/json; charset=utf-8[\r][\n]"
08-15-2018 18:17:39 Wire.java DEBUG [Forwarding setTimeout on session 157f7deaf4458e539c1c340fc0975aa2 to remote] http.wire 72 - http-outgoing-2 >> "Content-Length: 31[\r][\n]"
08-15-2018 18:17:39 Wire.java DEBUG [Forwarding setTimeout on session 157f7deaf4458e539c1c340fc0975aa2 to remote] http.wire 72 - http-outgoing-2 >> "Host: localhost:7334[\r][\n]"
08-15-2018 18:17:39 Wire.java DEBUG [Forwarding setTimeout on session 157f7deaf4458e539c1c340fc0975aa2 to remote] http.wire 86 - http-outgoing-1 << "[read] I/O error: Read timed out"
08-15-2018 18:17:39 Wire.java DEBUG [Forwarding setTimeout on session 157f7deaf4458e539c1c340fc0975aa2 to remote] http.wire 72 - http-outgoing-2 >> "Connection: Keep-Alive[\r][\n]"
08-15-2018 18:17:39 LoggingManagedHttpClientConnection.java DEBUG [Forwarding setTimeout on session 157f7deaf4458e539c1c340fc0975aa2 to remote] conn.DefaultManagedHttpClientConnection 90 - http-outgoing-1: set socket timeout to 10800000
08-15-2018 18:17:39 Wire.java DEBUG [Forwarding setTimeout on session 157f7deaf4458e539c1c340fc0975aa2 to remote] http.wire 72 - http-outgoing-2 >> "User-Agent: Apache-HttpClient/4.5.1 (Java/1.8.0_131)[\r][\n]"
08-15-2018 18:17:39 MainClientExec.java DEBUG [Forwarding setTimeout on session 157f7deaf4458e539c1c340fc0975aa2 to remote] execchain.MainClientExec 255 - Executing request POST /session/157f7deaf4458e539c1c340fc0975aa2/timeouts HTTP/1.1
08-15-2018 18:17:39 MainClientExec.java DEBUG [Forwarding setTimeout on session 157f7deaf4458e539c1c340fc0975aa2 to remote] execchain.MainClientExec 260 - Target auth state: UNCHALLENGED
08-15-2018 18:17:39 Wire.java DEBUG [Forwarding setTimeout on session 157f7deaf4458e539c1c340fc0975aa2 to remote] http.wire 72 - http-outgoing-2 >> "Accept-Encoding: gzip,deflate[\r][\n]"
08-15-2018 18:17:39 MainClientExec.java DEBUG [Forwarding setTimeout on session 157f7deaf4458e539c1c340fc0975aa2 to remote] execchain.MainClientExec 266 - Proxy auth state: UNCHALLENGED
08-15-2018 18:17:39 Wire.java DEBUG [Forwarding setTimeout on session 157f7deaf4458e539c1c340fc0975aa2 to remote] http.wire 72 - http-outgoing-2 >> "[\r][\n]"
08-15-2018 18:17:39 LoggingManagedHttpClientConnection.java DEBUG [Forwarding setTimeout on session 157f7deaf4458e539c1c340fc0975aa2 to remote] http.headers 135 - http-outgoing-1 >> POST /session/157f7deaf4458e539c1c340fc0975aa2/timeouts HTTP/1.1
08-15-2018 18:17:39 LoggingManagedHttpClientConnection.java DEBUG [Forwarding setTimeout on session 157f7deaf4458e539c1c340fc0975aa2 to remote] http.headers 138 - http-outgoing-1 >> Content-Type: application/json; charset=utf-8
08-15-2018 18:17:39 LoggingManagedHttpClientConnection.java DEBUG [Forwarding setTimeout on session 157f7deaf4458e539c1c340fc0975aa2 to remote] http.headers 138 - http-outgoing-1 >> Content-Length: 31
08-15-2018 18:17:39 LoggingManagedHttpClientConnection.java DEBUG [Forwarding setTimeout on session 157f7deaf4458e539c1c340fc0975aa2 to remote] http.headers 138 - http-outgoing-1 >> Host: localhost:7334
08-15-2018 18:17:39 Wire.java DEBUG [Forwarding setTimeout on session 157f7deaf4458e539c1c340fc0975aa2 to remote] http.wire 86 - http-outgoing-2 >> "{"type":"page load","ms":20000}"
08-15-2018 18:17:39 LoggingManagedHttpClientConnection.java DEBUG [Forwarding setTimeout on session 157f7deaf4458e539c1c340fc0975aa2 to remote] http.headers 138 - http-outgoing-1 >> Connection: Keep-Alive
08-15-2018 18:17:39 LoggingManagedHttpClientConnection.java DEBUG [Forwarding setTimeout on session 157f7deaf4458e539c1c340fc0975aa2 to remote] http.headers 138 - http-outgoing-1 >> User-Agent: Apache-HttpClient/4.5.1 (Java/1.8.0_131)
08-15-2018 18:17:39 LoggingManagedHttpClientConnection.java DEBUG [Forwarding setTimeout on session 157f7deaf4458e539c1c340fc0975aa2 to remote] http.headers 138 - http-outgoing-1 >> Accept-Encoding: gzip,deflate
08-15-2018 18:17:39 Wire.java DEBUG [Forwarding setTimeout on session 157f7deaf4458e539c1c340fc0975aa2 to remote] http.wire 72 - http-outgoing-2 << "HTTP/1.1 200 OK[\r][\n]"
08-15-2018 18:17:39 Wire.java DEBUG [Forwarding setTimeout on session 157f7deaf4458e539c1c340fc0975aa2 to remote] http.wire 72 - http-outgoing-1 >> "POST /session/157f7deaf4458e539c1c340fc0975aa2/timeouts HTTP/1.1[\r][\n]"
08-15-2018 18:17:39 Wire.java DEBUG [Forwarding setTimeout on session 157f7deaf4458e539c1c340fc0975aa2 to remote] http.wire 72 - http-outgoing-2 << "Content-Length:72[\r][\n]"
08-15-2018 18:17:39 Wire.java DEBUG [Forwarding setTimeout on session 157f7deaf4458e539c1c340fc0975aa2 to remote] http.wire 72 - http-outgoing-1 >> "Content-Type: application/json; charset=utf-8[\r][\n]"
08-15-2018 18:17:39 Wire.java DEBUG [Forwarding setTimeout on session 157f7deaf4458e539c1c340fc0975aa2 to remote] http.wire 72 - http-outgoing-2 << "Content-Type:application/json; charset=utf-8[\r][\n]"
08-15-2018 18:17:39 Wire.java DEBUG [Forwarding setTimeout on session 157f7deaf4458e539c1c340fc0975aa2 to remote] http.wire 72 - http-outgoing-2 << "[\r][\n]"
08-15-2018 18:17:39 Wire.java DEBUG [Forwarding setTimeout on session 157f7deaf4458e539c1c340fc0975aa2 to remote] http.wire 86 - http-outgoing-2 << "{"sessionId":"157f7deaf4458e539c1c340fc0975aa2","status":0,"value":null}"
08-15-2018 18:17:39 Wire.java DEBUG [Forwarding setTimeout on session 157f7deaf4458e539c1c340fc0975aa2 to remote] http.wire 72 - http-outgoing-1 >> "Content-Length: 31[\r][\n]"
08-15-2018 18:17:39 LoggingManagedHttpClientConnection.java DEBUG [Forwarding setTimeout on session 157f7deaf4458e539c1c340fc0975aa2 to remote] http.headers 124 - http-outgoing-2 << HTTP/1.1 200 OK
08-15-2018 18:17:39 LoggingManagedHttpClientConnection.java DEBUG [Forwarding setTimeout on session 157f7deaf4458e539c1c340fc0975aa2 to remote] http.headers 127 - http-outgoing-2 << Content-Length:72
08-15-2018 18:17:39 Wire.java DEBUG [Forwarding setTimeout on session 157f7deaf4458e539c1c340fc0975aa2 to remote] http.wire 72 - http-outgoing-1 >> "Host: localhost:7334[\r][\n]"
08-15-2018 18:17:39 LoggingManagedHttpClientConnection.java DEBUG [Forwarding setTimeout on session 157f7deaf4458e539c1c340fc0975aa2 to remote] http.headers 127 - http-outgoing-2 << Content-Type:application/json; charset=utf-8
08-15-2018 18:17:39 Wire.java DEBUG [Forwarding setTimeout on session 157f7deaf4458e539c1c340fc0975aa2 to remote] http.wire 72 - http-outgoing-1 >> "Connection: Keep-Alive[\r][\n]"
08-15-2018 18:17:39 MainClientExec.java DEBUG [Forwarding setTimeout on session 157f7deaf4458e539c1c340fc0975aa2 to remote] execchain.MainClientExec 284 - Connection can be kept alive indefinitely
08-15-2018 18:17:39 Wire.java DEBUG [Forwarding setTimeout on session 157f7deaf4458e539c1c340fc0975aa2 to remote] http.wire 72 - http-outgoing-1 >> "User-Agent: Apache-HttpClient/4.5.1 (Java/1.8.0_131)[\r][\n]"
08-15-2018 18:17:39 PoolingHttpClientConnectionManager.java DEBUG [Forwarding setTimeout on session 157f7deaf4458e539c1c340fc0975aa2 to remote] conn.PoolingHttpClientConnectionManager 314 - Connection [id: 2][route: {}->http://localhost:7334] can be kept alive indefinitely
08-15-2018 18:17:39 Wire.java DEBUG [Forwarding setTimeout on session 157f7deaf4458e539c1c340fc0975aa2 to remote] http.wire 72 - http-outgoing-1 >> "Accept-Encoding: gzip,deflate[\r][\n]"
08-15-2018 18:17:39 PoolingHttpClientConnectionManager.java DEBUG [Forwarding setTimeout on session 157f7deaf4458e539c1c340fc0975aa2 to remote] conn.PoolingHttpClientConnectionManager 320 - Connection released: [id: 2][route: {}->http://localhost:7334][total kept alive: 2; route allocated: 2 of 2000; total allocated: 3 of 2000]
08-15-2018 18:17:39 Wire.java DEBUG [Forwarding setTimeout on session 157f7deaf4458e539c1c340fc0975aa2 to remote] http.wire 72 - http-outgoing-1 >> "[\r][\n]"
[...]
08-15-2018 18:17:43 MainClientExec.java DEBUG [Forwarding clickElement on session 157f7deaf4458e539c1c340fc0975aa2 to remote] execchain.MainClientExec 284 - Connection can be kept alive indefinitely
08-15-2018 18:17:43 PoolingHttpClientConnectionManager.java DEBUG [Forwarding clickElement on session 157f7deaf4458e539c1c340fc0975aa2 to remote] conn.PoolingHttpClientConnectionManager 314 - Connection [id: 2][route: {}->http://localhost:7334] can be kept alive indefinitely
08-15-2018 18:17:43 PoolingHttpClientConnectionManager.java DEBUG [Forwarding clickElement on session 157f7deaf4458e539c1c340fc0975aa2 to remote] conn.PoolingHttpClientConnectionManager 320 - Connection released: [id: 2][route: {}->http://localhost:7334][total kept alive: 3; route allocated: 2 of 2000; total allocated: 3 of 2000]
]]></system-out>
    <system-err><![CDATA[Starting ChromeDriver 2.41.578737 (49da6702b16031c40d63e5618de03a32ff6c197e) on port 7334
Only local connections are allowed.
Starting ChromeDriver 2.41.578737 (49da6702b16031c40d63e5618de03a32ff6c197e) on port 27930
Only local connections are allowed.
]]></system-err>
  </testcase>
  <testcase name="Homepage" classname="project.HomePageTest" time="0">
    <skipped/>
  </testcase>
  <testcase name="close" classname="project.HomePageTest" time="0">
    <skipped/>
  </testcase>
  <testcase name="login" classname="project.LoginPageTest" time="10.025">
    <failure type="java.lang.NullPointerException">java.lang.NullPointerException
	at project.LoginPageTest.login(LoginPageTest.java:31)
</failure>
    <system-out><![CDATA[08-15-2018 18:17:48 RequestAddCookies.java DEBUG [Forwarding findElement on session 157f7deaf4458e539c1c340fc0975aa2 to remote] protocol.RequestAddCookies 122 - CookieSpec selected: default
08-15-2018 18:17:48 RequestAuthCache.java DEBUG [Forwarding findElement on session 157f7deaf4458e539c1c340fc0975aa2 to remote] protocol.RequestAuthCache 76 - Auth cache not set in the context
08-15-2018 18:17:48 PoolingHttpClientConnectionManager.java DEBUG [Forwarding findElement on session 157f7deaf4458e539c1c340fc0975aa2 to remote] conn.PoolingHttpClientConnectionManager 249 - Connection request: [route: {}->http://localhost:7334][total kept alive: 3; route allocated: 2 of 2000; total allocated: 3 of 2000]
08-15-2018 18:17:48 Wire.java DEBUG [Forwarding findElement on session 157f7deaf4458e539c1c340fc0975aa2 to remote] http.wire 86 - http-outgoing-2 << "[read] I/O error: Read timed out"
08-15-2018 18:17:48 PoolingHttpClientConnectionManager.java DEBUG [Forwarding findElement on session 157f7deaf4458e539c1c340fc0975aa2 to remote] conn.PoolingHttpClientConnectionManager 282 - Connection leased: [id: 2][route: {}->http://localhost:7334][total kept alive: 2; route allocated: 2 of 2000; total allocated: 3 of 2000]
08-15-2018 18:17:48 MainClientExec.java DEBUG [Forwarding findElement on session 157f7deaf4458e539c1c340fc0975aa2 to remote] execchain.MainClientExec 207 - Stale connection check
08-15-2018 18:17:48 Wire.java DEBUG [Forwarding findElement on session 157f7deaf4458e539c1c340fc0975aa2 to remote] http.wire 86 - http-outgoing-2 << "[read] I/O error: Read timed out"
08-15-2018 18:17:48 LoggingManagedHttpClientConnection.java DEBUG [Forwarding findElement on session 157f7deaf4458e539c1c340fc0975aa2 to remote] conn.DefaultManagedHttpClientConnection 90 - http-outgoing-2: set socket timeout to 10800000
08-15-2018 18:17:48 MainClientExec.java DEBUG [Forwarding findElement on session 157f7deaf4458e539c1c340fc0975aa2 to remote] execchain.MainClientExec 255 - Executing request POST /session/157f7deaf4458e539c1c340fc0975aa2/element HTTP/1.1
08-15-2018 18:17:48 MainClientExec.java DEBUG [Forwarding findElement on session 157f7deaf4458e539c1c340fc0975aa2 to remote] execchain.MainClientExec 260 - Target auth state: UNCHALLENGED
08-15-2018 18:17:48 MainClientExec.java DEBUG [Forwarding findElement on session 157f7deaf4458e539c1c340fc0975aa2 to remote] execchain.MainClientExec 266 - Proxy auth state: UNCHALLENGED
08-15-2018 18:17:48 LoggingManagedHttpClientConnection.java DEBUG [Forwarding findElement on session 157f7deaf4458e539c1c340fc0975aa2 to remote] http.headers 135 - http-outgoing-2 >> POST /session/157f7deaf4458e539c1c340fc0975aa2/element HTTP/1.1
08-15-2018 18:17:48 LoggingManagedHttpClientConnection.java DEBUG [Forwarding findElement on session 157f7deaf4458e539c1c340fc0975aa2 to remote] http.headers 138 - http-outgoing-2 >> Content-Type: application/json; charset=utf-8
08-15-2018 18:17:48 LoggingManagedHttpClientConnection.java DEBUG [Forwarding findElement on session 157f7deaf4458e539c1c340fc0975aa2 to remote] http.headers 138 - http-outgoing-2 >> Content-Length: 64
08-15-2018 18:17:48 LoggingManagedHttpClientConnection.java DEBUG [Forwarding findElement on session 157f7deaf4458e539c1c340fc0975aa2 to remote] http.headers 138 - http-outgoing-2 >> Host: localhost:7334
08-15-2018 18:17:48 LoggingManagedHttpClientConnection.java DEBUG [Forwarding findElement on session 157f7deaf4458e539c1c340fc0975aa2 to remote] http.headers 138 - http-outgoing-2 >> Connection: Keep-Alive
08-15-2018 18:17:48 LoggingManagedHttpClientConnection.java DEBUG [Forwarding findElement on session 157f7deaf4458e539c1c340fc0975aa2 to remote] http.headers 138 - http-outgoing-2 >> User-Agent: Apache-HttpClient/4.5.1 (Java/1.8.0_131)
08-15-2018 18:17:48 LoggingManagedHttpClientConnection.java DEBUG [Forwarding findElement on session 157f7deaf4458e539c1c340fc0975aa2 to remote] http.headers 138 - http-outgoing-2 >> Accept-Encoding: gzip,deflate
08-15-2018 18:17:48 Wire.java DEBUG [Forwarding findElement on session 157f7deaf4458e539c1c340fc0975aa2 to remote] http.wire 72 - http-outgoing-2 >> "POST /session/157f7deaf4458e539c1c340fc0975aa2/element HTTP/1.1[\r][\n]"
08-15-2018 18:17:48 Wire.java DEBUG [Forwarding findElement on session 157f7deaf4458e539c1c340fc0975aa2 to remote] http.wire 72 - http-outgoing-2 >> "Content-Type: application/json; charset=utf-8[\r][\n]"
08-15-2018 18:17:48 Wire.java DEBUG [Forwarding findElement on session 157f7deaf4458e539c1c340fc0975aa2 to remote] http.wire 72 - http-outgoing-2 >> "Content-Length: 64[\r][\n]"
08-15-2018 18:17:48 Wire.java DEBUG [Forwarding findElement on session 157f7deaf4458e539c1c340fc0975aa2 to remote] http.wire 72 - http-outgoing-2 >> "Host: localhost:7334[\r][\n]"
08-15-2018 18:17:48 Wire.java DEBUG [Forwarding findElement on session 157f7deaf4458e539c1c340fc0975aa2 to remote] http.wire 72 - http-outgoing-2 >> "Connection: Keep-Alive[\r][\n]"
08-15-2018 18:17:48 Wire.java DEBUG [Forwarding findElement on session 157f7deaf4458e539c1c340fc0975aa2 to remote] http.wire 72 - http-outgoing-2 >> "User-Agent: Apache-HttpClient/4.5.1 (Java/1.8.0_131)[\r][\n]"
08-15-2018 18:17:48 Wire.java DEBUG [Forwarding findElement on session 157f7deaf4458e539c1c340fc0975aa2 to remote] http.wire 72 - http-outgoing-2 >> "Accept-Encoding: gzip,deflate[\r][\n]"
08-15-2018 18:17:48 Wire.java DEBUG [Forwarding findElement on session 157f7deaf4458e539c1c340fc0975aa2 to remote] http.wire 72 - http-outgoing-2 >> "[\r][\n]"
08-15-2018 18:17:48 Wire.java DEBUG [Forwarding findElement on session 157f7deaf4458e539c1c340fc0975aa2 to remote] http.wire 86 - http-outgoing-2 >> "{"using":"xpath","value":"//frame[contains(@name,'mainpanel')]"}"
08-15-2018 18:17:53 Wire.java DEBUG [Forwarding findElement on session 157f7deaf4458e539c1c340fc0975aa2 to remote] http.wire 72 - http-outgoing-2 << "HTTP/1.1 200 OK[\r][\n]"
08-15-2018 18:17:53 Wire.java DEBUG [Forwarding findElement on session 157f7deaf4458e539c1c340fc0975aa2 to remote] http.wire 72 - http-outgoing-2 << "Content-Length:72[\r][\n]"
08-15-2018 18:17:53 Wire.java DEBUG [Forwarding findElement on session 157f7deaf4458e539c1c340fc0975aa2 to remote] http.wire 72 - http-outgoing-2 << "Content-Type:application/json; charset=utf-8[\r][\n]"
08-15-2018 18:17:53 Wire.java DEBUG [Forwarding findElement on session 157f7deaf4458e539c1c340fc0975aa2 to remote] http.wire 72 - http-outgoing-2 << "[\r][\n]"
08-15-2018 18:17:53 Wire.java DEBUG [Forwarding findElement on session 157f7deaf4458e539c1c340fc0975aa2 to remote] http.wire 86 - http-outgoing-2 << "{"sessionId":"157f7deaf4458e539c1c340fc0975aa2","status":0,"value":null}"
08-15-2018 18:17:53 LoggingManagedHttpClientConnection.java DEBUG [Forwarding findElement on session 157f7deaf4458e539c1c340fc0975aa2 to remote] http.headers 124 - http-outgoing-2 << HTTP/1.1 200 OK
08-15-2018 18:17:53 LoggingManagedHttpClientConnection.java DEBUG [Forwarding findElement on session 157f7deaf4458e539c1c340fc0975aa2 to remote] http.headers 127 - http-outgoing-2 << Content-Length:72
08-15-2018 18:17:53 LoggingManagedHttpClientConnection.java DEBUG [Forwarding findElement on session 157f7deaf4458e539c1c340fc0975aa2 to remote] http.headers 127 - http-outgoing-2 << Content-Type:application/json; charset=utf-8
08-15-2018 18:17:53 MainClientExec.java DEBUG [Forwarding findElement on session 157f7deaf4458e539c1c340fc0975aa2 to remote] execchain.MainClientExec 284 - Connection can be kept alive indefinitely
08-15-2018 18:17:53 PoolingHttpClientConnectionManager.java DEBUG [Forwarding findElement on session 157f7deaf4458e539c1c340fc0975aa2 to remote] conn.PoolingHttpClientConnectionManager 314 - Connection [id: 2][route: {}->http://localhost:7334] can be kept alive indefinitely
08-15-2018 18:17:53 PoolingHttpClientConnectionManager.java DEBUG [Forwarding findElement on session 157f7deaf4458e539c1c340fc0975aa2 to remote] conn.PoolingHttpClientConnectionManager 320 - Connection released: [id: 2][route: {}->http://localhost:7334][total kept alive: 3; route allocated: 2 of 2000; total allocated: 3 of 2000]
]]></system-out>
  </testcase>
  <testcase name="close" classname="project.LoginPageTest" time="10.295">
    <failure message="chrome not reachable&#10;  (Session info: chrome=68.0.3440.106)&#10;  (Driver info: chromedriver=2.41.578737 (49da6702b16031c40d63e5618de03a32ff6c197e),platform=Windows NT 10.0.17134 x86_64) (WARNING: The server did not provide any stacktrace information)&#10;Command duration or timeout: 247 milliseconds&#10;Build info: version: &apos;2.53.0&apos;, revision: &apos;35ae25b1534ae328c771e0856c93e187490ca824&apos;, time: &apos;2016-03-15 10:43:46&apos;&#10;System info: host: &apos;Satyam&apos;, ip: &apos;192.168.0.103&apos;, os.name: &apos;Windows 10&apos;, os.arch: &apos;amd64&apos;, os.version: &apos;10.0&apos;, java.version: &apos;1.8.0_131&apos;&#10;Driver info: org.openqa.selenium.chrome.ChromeDriver&#10;Capabilities [{mobileEmulationEnabled=false, hasTouchScreen=false, platform=XP, acceptSslCerts=false, goog:chromeOptions={debuggerAddress=localhost:51278}, acceptInsecureCerts=false, webStorageEnabled=true, browserName=chrome, takesScreenshot=true, javascriptEnabled=true, setWindowRect=true, unexpectedAlertBehaviour=, applicationCacheEnabled=false, rotatable=false, networkConnectionEnabled=false, chrome={chromedriverVersion=2.41.578737 (49da6702b16031c40d63e5618de03a32ff6c197e), userDataDir=C:\Users\SATYA~1.SAT\AppData\Local\Temp\scoped_dir21856_6493}, takesHeapSnapshot=true, pageLoadStrategy=normal, databaseEnabled=false, handlesAlerts=true, version=68.0.3440.106, browserConnectionEnabled=false, nativeEvents=true, locationContextEnabled=true, cssSelectorsEnabled=true}]&#10;Session ID: 157f7deaf4458e539c1c340fc0975aa2" type="org.openqa.selenium.WebDriverException">org.openqa.selenium.WebDriverException: 
chrome not reachable
  (Session info: chrome=68.0.3440.106)
  (Driver info: chromedriver=2.41.578737 (49da6702b16031c40d63e5618de03a32ff6c197e),platform=Windows NT 10.0.17134 x86_64) (WARNING: The server did not provide any stacktrace information)
Command duration or timeout: 247 milliseconds
Build info: version: '2.53.0', revision: '35ae25b1534ae328c771e0856c93e187490ca824', time: '2016-03-15 10:43:46'
System info: host: 'Satyam', ip: '192.168.0.103', os.name: 'Windows 10', os.arch: 'amd64', os.version: '10.0', java.version: '1.8.0_131'
Driver info: org.openqa.selenium.chrome.ChromeDriver
Capabilities [{mobileEmulationEnabled=false, hasTouchScreen=false, platform=XP, acceptSslCerts=false, goog:chromeOptions={debuggerAddress=localhost:51278}, acceptInsecureCerts=false, webStorageEnabled=true, browserName=chrome, takesScreenshot=true, javascriptEnabled=true, setWindowRect=true, unexpectedAlertBehaviour=, applicationCacheEnabled=false, rotatable=false, networkConnectionEnabled=false, chrome={chromedriverVersion=2.41.578737 (49da6702b16031c40d63e5618de03a32ff6c197e), userDataDir=C:\Users\SATYA~1.SAT\AppData\Local\Temp\scoped_dir21856_6493}, takesHeapSnapshot=true, pageLoadStrategy=normal, databaseEnabled=false, handlesAlerts=true, version=68.0.3440.106, browserConnectionEnabled=false, nativeEvents=true, locationContextEnabled=true, cssSelectorsEnabled=true}]
Session ID: 157f7deaf4458e539c1c340fc0975aa2
	at project.LoginPageTest.close(LoginPageTest.java:38)
</failure>
    <system-out><![CDATA[08-15-2018 18:17:53 RequestAddCookies.java DEBUG [Forwarding close on session 157f7deaf4458e539c1c340fc0975aa2 to remote] protocol.RequestAddCookies 122 - CookieSpec selected: default
08-15-2018 18:17:53 RequestAuthCache.java DEBUG [Forwarding close on session 157f7deaf4458e539c1c340fc0975aa2 to remote] protocol.RequestAuthCache 76 - Auth cache not set in the context
08-15-2018 18:17:53 PoolingHttpClientConnectionManager.java DEBUG [Forwarding close on session 157f7deaf4458e539c1c340fc0975aa2 to remote] conn.PoolingHttpClientConnectionManager 249 - Connection request: [route: {}->http://localhost:7334][total kept alive: 3; route allocated: 2 of 2000; total allocated: 3 of 2000]
08-15-2018 18:17:53 PoolingHttpClientConnectionManager.java DEBUG [Forwarding close on session 157f7deaf4458e539c1c340fc0975aa2 to remote] conn.PoolingHttpClientConnectionManager 282 - Connection leased: [id: 2][route: {}->http://localhost:7334][total kept alive: 2; route allocated: 2 of 2000; total allocated: 3 of 2000]
08-15-2018 18:17:53 MainClientExec.java DEBUG [Forwarding close on session 157f7deaf4458e539c1c340fc0975aa2 to remote] execchain.MainClientExec 207 - Stale connection check
08-15-2018 18:17:53 Wire.java DEBUG [Forwarding close on session 157f7deaf4458e539c1c340fc0975aa2 to remote] http.wire 86 - http-outgoing-2 << "[read] I/O error: Read timed out"
08-15-2018 18:17:53 LoggingManagedHttpClientConnection.java DEBUG [Forwarding close on session 157f7deaf4458e539c1c340fc0975aa2 to remote] conn.DefaultManagedHttpClientConnection 90 - http-outgoing-2: set socket timeout to 10800000
08-15-2018 18:17:53 MainClientExec.java DEBUG [Forwarding close on session 157f7deaf4458e539c1c340fc0975aa2 to remote] execchain.MainClientExec 255 - Executing request DELETE /session/157f7deaf4458e539c1c340fc0975aa2/window HTTP/1.1
08-15-2018 18:17:53 MainClientExec.java DEBUG [Forwarding close on session 157f7deaf4458e539c1c340fc0975aa2 to remote] execchain.MainClientExec 260 - Target auth state: UNCHALLENGED
08-15-2018 18:17:53 MainClientExec.java DEBUG [Forwarding close on session 157f7deaf4458e539c1c340fc0975aa2 to remote] execchain.MainClientExec 266 - Proxy auth state: UNCHALLENGED
08-15-2018 18:17:53 LoggingManagedHttpClientConnection.java DEBUG [Forwarding close on session 157f7deaf4458e539c1c340fc0975aa2 to remote] http.headers 135 - http-outgoing-2 >> DELETE /session/157f7deaf4458e539c1c340fc0975aa2/window HTTP/1.1
08-15-2018 18:17:53 LoggingManagedHttpClientConnection.java DEBUG [Forwarding close on session 157f7deaf4458e539c1c340fc0975aa2 to remote] http.headers 138 - http-outgoing-2 >> Host: localhost:7334
08-15-2018 18:17:53 LoggingManagedHttpClientConnection.java DEBUG [Forwarding close on session 157f7deaf4458e539c1c340fc0975aa2 to remote] http.headers 138 - http-outgoing-2 >> Connection: Keep-Alive
08-15-2018 18:17:53 LoggingManagedHttpClientConnection.java DEBUG [Forwarding close on session 157f7deaf4458e539c1c340fc0975aa2 to remote] http.headers 138 - http-outgoing-2 >> User-Agent: Apache-HttpClient/4.5.1 (Java/1.8.0_131)
08-15-2018 18:17:53 LoggingManagedHttpClientConnection.java DEBUG [Forwarding close on session 157f7deaf4458e539c1c340fc0975aa2 to remote] http.headers 138 - http-outgoing-2 >> Accept-Encoding: gzip,deflate
08-15-2018 18:17:53 Wire.java DEBUG [Forwarding close on session 157f7deaf4458e539c1c340fc0975aa2 to remote] http.wire 72 - http-outgoing-2 >> "DELETE /session/157f7deaf4458e539c1c340fc0975aa2/window HTTP/1.1[\r][\n]"
08-15-2018 18:17:53 Wire.java DEBUG [Forwarding close on session 157f7deaf4458e539c1c340fc0975aa2 to remote] http.wire 72 - http-outgoing-2 >> "Host: localhost:7334[\r][\n]"
08-15-2018 18:17:53 Wire.java DEBUG [Forwarding close on session 157f7deaf4458e539c1c340fc0975aa2 to remote] http.wire 72 - http-outgoing-2 >> "Connection: Keep-Alive[\r][\n]"
08-15-2018 18:17:53 Wire.java DEBUG [Forwarding close on session 157f7deaf4458e539c1c340fc0975aa2 to remote] http.wire 72 - http-outgoing-2 >> "User-Agent: Apache-HttpClient/4.5.1 (Java/1.8.0_131)[\r][\n]"
08-15-2018 18:17:53 Wire.java DEBUG [Forwarding close on session 157f7deaf4458e539c1c340fc0975aa2 to remote] http.wire 72 - http-outgoing-2 >> "Accept-Encoding: gzip,deflate[\r][\n]"
08-15-2018 18:17:53 Wire.java DEBUG [Forwarding close on session 157f7deaf4458e539c1c340fc0975aa2 to remote] http.wire 72 - http-outgoing-2 >> "[\r][\n]"
08-15-2018 18:17:53 Wire.java DEBUG [Forwarding close on session 157f7deaf4458e539c1c340fc0975aa2 to remote] http.wire 72 - http-outgoing-2 << "HTTP/1.1 200 OK[\r][\n]"
08-15-2018 18:17:53 Wire.java DEBUG [Forwarding close on session 157f7deaf4458e539c1c340fc0975aa2 to remote] http.wire 72 - http-outgoing-2 << "Content-Length:268[\r][\n]"
08-15-2018 18:17:53 Wire.java DEBUG [Forwarding close on session 157f7deaf4458e539c1c340fc0975aa2 to remote] http.wire 72 - http-outgoing-2 << "Content-Type:application/json; charset=utf-8[\r][\n]"
08-15-2018 18:17:53 Wire.java DEBUG [Forwarding close on session 157f7deaf4458e539c1c340fc0975aa2 to remote] http.wire 72 - http-outgoing-2 << "[\r][\n]"
08-15-2018 18:17:53 Wire.java DEBUG [Forwarding close on session 157f7deaf4458e539c1c340fc0975aa2 to remote] http.wire 86 - http-outgoing-2 << "{"sessionId":"157f7deaf4458e539c1c340fc0975aa2","status":100,"value":{"message":"chrome not reachable\n  (Session info: chrome=68.0.3440.106)\n  (Driver info: chromedriver=2.41.578737 (49da6702b16031c40d63e5618de03a32ff6c197e),platform=Windows NT 10.0.17134 x86_64)"}}"
08-15-2018 18:17:53 LoggingManagedHttpClientConnection.java DEBUG [Forwarding close on session 157f7deaf4458e539c1c340fc0975aa2 to remote] http.headers 124 - http-outgoing-2 << HTTP/1.1 200 OK
08-15-2018 18:17:53 LoggingManagedHttpClientConnection.java DEBUG [Forwarding close on session 157f7deaf4458e539c1c340fc0975aa2 to remote] http.headers 127 - http-outgoing-2 << Content-Length:268
08-15-2018 18:17:53 LoggingManagedHttpClientConnection.java DEBUG [Forwarding close on session 157f7deaf4458e539c1c340fc0975aa2 to remote] http.headers 127 - http-outgoing-2 << Content-Type:application/json; charset=utf-8
08-15-2018 18:17:53 MainClientExec.java DEBUG [Forwarding close on session 157f7deaf4458e539c1c340fc0975aa2 to remote] execchain.MainClientExec 284 - Connection can be kept alive indefinitely
08-15-2018 18:17:53 PoolingHttpClientConnectionManager.java DEBUG [Forwarding close on session 157f7deaf4458e539c1c340fc0975aa2 to remote] conn.PoolingHttpClientConnectionManager 314 - Connection [id: 2][route: {}->http://localhost:7334] can be kept alive indefinitely
08-15-2018 18:17:53 PoolingHttpClientConnectionManager.java DEBUG [Forwarding close on session 157f7deaf4458e539c1c340fc0975aa2 to remote] conn.PoolingHttpClientConnectionManager 320 - Connection released: [id: 2][route: {}->http://localhost:7334][total kept alive: 3; route allocated: 2 of 2000; total allocated: 3 of 2000]
]]></system-out>
  </testcase>
</testsuite>